[29-07-2021 12:22:39] PayPal\Core\PayPalHttpConnection : INFO: POST https://api.sandbox.paypal.com/v1/oauth2/token
[29-07-2021 12:22:43] PayPal\Core\PayPalHttpConnection : INFO: Response Status 	: 200
[29-07-2021 12:22:43] PayPal\Core\PayPalHttpConnection : INFO: POST https://api.sandbox.paypal.com/v1/payments/payment
[29-07-2021 12:22:45] PayPal\Core\PayPalHttpConnection : INFO: Response Status 	: 201
[29-07-2021 12:37:33] PayPal\Core\PayPalHttpConnection : INFO: POST https://api.sandbox.paypal.com/v1/oauth2/token
[29-07-2021 12:37:36] PayPal\Core\PayPalHttpConnection : INFO: Response Status 	: 200
[29-07-2021 12:37:36] PayPal\Core\PayPalHttpConnection : INFO: POST https://api.sandbox.paypal.com/v1/payments/payment
[29-07-2021 12:37:47] PayPal\Core\PayPalHttpConnection : INFO: Response Status 	: 201
[29-07-2021 12:41:40] PayPal\Core\PayPalHttpConnection : INFO: POST https://api.sandbox.paypal.com/v1/oauth2/token
[29-07-2021 12:41:41] PayPal\Core\PayPalHttpConnection : INFO: Response Status 	: 200
[29-07-2021 12:41:41] PayPal\Core\PayPalHttpConnection : INFO: POST https://api.sandbox.paypal.com/v1/payments/payment
[29-07-2021 12:41:44] PayPal\Core\PayPalHttpConnection : INFO: Response Status 	: 201
[29-07-2021 13:01:06] PayPal\Core\PayPalHttpConnection : INFO: POST https://api.sandbox.paypal.com/v1/oauth2/token
[29-07-2021 13:01:08] PayPal\Core\PayPalHttpConnection : INFO: Response Status 	: 200
[29-07-2021 13:01:08] PayPal\Core\PayPalHttpConnection : INFO: POST https://api.sandbox.paypal.com/v1/payments/payment
[29-07-2021 13:01:10] PayPal\Core\PayPalHttpConnection : INFO: Response Status 	: 201
[29-07-2021 13:21:07] PayPal\Core\PayPalHttpConnection : INFO: POST https://api.sandbox.paypal.com/v1/oauth2/token
[29-07-2021 13:21:09] PayPal\Core\PayPalHttpConnection : INFO: Response Status 	: 200
[29-07-2021 13:21:09] PayPal\Core\PayPalHttpConnection : INFO: POST https://api.sandbox.paypal.com/v1/payments/payment
[29-07-2021 13:21:11] PayPal\Core\PayPalHttpConnection : INFO: Response Status 	: 201
[29-07-2021 13:45:52] PayPal\Core\PayPalHttpConnection : INFO: POST https://api.sandbox.paypal.com/v1/oauth2/token
[29-07-2021 13:45:53] PayPal\Core\PayPalHttpConnection : INFO: Response Status 	: 200
[29-07-2021 13:45:53] PayPal\Core\PayPalHttpConnection : INFO: POST https://api.sandbox.paypal.com/v1/payments/payment
[29-07-2021 13:45:55] PayPal\Core\PayPalHttpConnection : INFO: Response Status 	: 201
[29-07-2021 13:52:42] PayPal\Core\PayPalHttpConnection : INFO: POST https://api.sandbox.paypal.com/v1/oauth2/token
[29-07-2021 13:52:44] PayPal\Core\PayPalHttpConnection : INFO: Response Status 	: 200
[29-07-2021 13:52:44] PayPal\Core\PayPalHttpConnection : INFO: POST https://api.sandbox.paypal.com/v1/payments/payment
[29-07-2021 13:52:46] PayPal\Core\PayPalHttpConnection : INFO: Response Status 	: 201
[29-07-2021 14:15:38] PayPal\Core\PayPalHttpConnection : INFO: POST https://api.sandbox.paypal.com/v1/oauth2/token
[29-07-2021 14:15:40] PayPal\Core\PayPalHttpConnection : INFO: Response Status 	: 200
[29-07-2021 14:15:40] PayPal\Core\PayPalHttpConnection : INFO: POST https://api.sandbox.paypal.com/v1/payments/payment
[29-07-2021 14:15:42] PayPal\Core\PayPalHttpConnection : INFO: Response Status 	: 201
[30-07-2021 07:08:20] PayPal\Core\PayPalHttpConnection : INFO: POST https://api.sandbox.paypal.com/v1/oauth2/token
[30-07-2021 07:08:29] PayPal\Core\PayPalHttpConnection : INFO: Response Status 	: 200
[30-07-2021 07:08:29] PayPal\Core\PayPalHttpConnection : INFO: POST https://api.sandbox.paypal.com/v1/payments/payment
[30-07-2021 07:08:31] PayPal\Core\PayPalHttpConnection : INFO: Response Status 	: 201
[30-07-2021 07:27:25] PayPal\Core\PayPalHttpConnection : INFO: POST https://api.sandbox.paypal.com/v1/oauth2/token
[30-07-2021 07:27:27] PayPal\Core\PayPalHttpConnection : INFO: Response Status 	: 200
[30-07-2021 07:27:27] PayPal\Core\PayPalHttpConnection : INFO: GET https://api.sandbox.paypal.com/v1/payments/payment/PAYID-MEB2K3Y7CH549279U804901X
[30-07-2021 07:27:28] PayPal\Core\PayPalHttpConnection : INFO: Response Status 	: 200
[30-07-2021 07:27:29] PayPal\Core\PayPalHttpConnection : INFO: POST https://api.sandbox.paypal.com/v1/payments/payment/PAYID-MEB2K3Y7CH549279U804901X/execute
[30-07-2021 07:27:32] PayPal\Core\PayPalHttpConnection : INFO: Response Status 	: 200
[30-07-2021 07:29:48] PayPal\Core\PayPalHttpConnection : INFO: POST https://api.sandbox.paypal.com/v1/oauth2/token
[30-07-2021 07:29:49] PayPal\Core\PayPalHttpConnection : INFO: Response Status 	: 200
[30-07-2021 07:29:49] PayPal\Core\PayPalHttpConnection : INFO: POST https://api.sandbox.paypal.com/v1/payments/payment
[30-07-2021 07:29:51] PayPal\Core\PayPalHttpConnection : INFO: Response Status 	: 201
[30-07-2021 07:30:56] PayPal\Core\PayPalHttpConnection : INFO: POST https://api.sandbox.paypal.com/v1/oauth2/token
[30-07-2021 07:30:57] PayPal\Core\PayPalHttpConnection : INFO: Response Status 	: 200
[30-07-2021 07:30:57] PayPal\Core\PayPalHttpConnection : INFO: GET https://api.sandbox.paypal.com/v1/payments/payment/PAYID-MEB2U3Q2WU87290C9845600X
[30-07-2021 07:30:59] PayPal\Core\PayPalHttpConnection : INFO: Response Status 	: 200
[30-07-2021 07:30:59] PayPal\Core\PayPalHttpConnection : INFO: POST https://api.sandbox.paypal.com/v1/payments/payment/PAYID-MEB2U3Q2WU87290C9845600X/execute
[30-07-2021 07:31:01] PayPal\Core\PayPalHttpConnection : INFO: Response Status 	: 200
[30-07-2021 07:31:29] PayPal\Core\PayPalHttpConnection : INFO: POST https://api.sandbox.paypal.com/v1/oauth2/token
[30-07-2021 07:31:30] PayPal\Core\PayPalHttpConnection : INFO: Response Status 	: 200
[30-07-2021 07:31:30] PayPal\Core\PayPalHttpConnection : INFO: POST https://api.sandbox.paypal.com/v1/payments/payment
[30-07-2021 07:31:32] PayPal\Core\PayPalHttpConnection : INFO: Response Status 	: 201
[30-07-2021 07:32:04] PayPal\Core\PayPalHttpConnection : INFO: POST https://api.sandbox.paypal.com/v1/oauth2/token
[30-07-2021 07:32:05] PayPal\Core\PayPalHttpConnection : INFO: Response Status 	: 200
[30-07-2021 07:32:05] PayPal\Core\PayPalHttpConnection : INFO: GET https://api.sandbox.paypal.com/v1/payments/payment/PAYID-MEB2VUY2X1034558B3948159
[30-07-2021 07:32:07] PayPal\Core\PayPalHttpConnection : INFO: Response Status 	: 200
[30-07-2021 07:32:07] PayPal\Core\PayPalHttpConnection : INFO: POST https://api.sandbox.paypal.com/v1/payments/payment/PAYID-MEB2VUY2X1034558B3948159/execute
[30-07-2021 07:32:09] PayPal\Core\PayPalHttpConnection : INFO: Response Status 	: 200
[30-07-2021 09:29:44] PayPal\Core\PayPalHttpConnection : INFO: POST https://api.sandbox.paypal.com/v1/oauth2/token
[30-07-2021 09:29:49] PayPal\Core\PayPalHttpConnection : INFO: Response Status 	: 200
[30-07-2021 09:29:49] PayPal\Core\PayPalHttpConnection : INFO: POST https://api.sandbox.paypal.com/v1/payments/payment
[30-07-2021 09:29:51] PayPal\Core\PayPalHttpConnection : INFO: Response Status 	: 201
[30-07-2021 09:30:37] PayPal\Core\PayPalHttpConnection : INFO: POST https://api.sandbox.paypal.com/v1/oauth2/token
[30-07-2021 09:30:40] PayPal\Core\PayPalHttpConnection : INFO: Response Status 	: 200
[30-07-2021 09:30:40] PayPal\Core\PayPalHttpConnection : INFO: GET https://api.sandbox.paypal.com/v1/payments/payment/PAYID-MEB4NDQ89249254JL311141B
[30-07-2021 09:30:43] PayPal\Core\PayPalHttpConnection : INFO: Response Status 	: 200
[30-07-2021 09:30:43] PayPal\Core\PayPalHttpConnection : INFO: POST https://api.sandbox.paypal.com/v1/payments/payment/PAYID-MEB4NDQ89249254JL311141B/execute
[30-07-2021 09:30:47] PayPal\Core\PayPalHttpConnection : INFO: Response Status 	: 200
[30-07-2021 10:07:26] PayPal\Core\PayPalHttpConnection : INFO: POST https://api.sandbox.paypal.com/v1/oauth2/token
[30-07-2021 10:07:30] PayPal\Core\PayPalHttpConnection : INFO: Response Status 	: 200
[30-07-2021 10:07:30] PayPal\Core\PayPalHttpConnection : INFO: POST https://api.sandbox.paypal.com/v1/payments/payment
[30-07-2021 10:07:32] PayPal\Core\PayPalHttpConnection : INFO: Response Status 	: 201
[30-07-2021 10:08:21] PayPal\Core\PayPalHttpConnection : INFO: POST https://api.sandbox.paypal.com/v1/oauth2/token
[30-07-2021 10:08:22] PayPal\Core\PayPalHttpConnection : INFO: Response Status 	: 200
[30-07-2021 10:08:22] PayPal\Core\PayPalHttpConnection : INFO: GET https://api.sandbox.paypal.com/v1/payments/payment/PAYID-MEB46YY7V180658R6578490D
[30-07-2021 10:08:24] PayPal\Core\PayPalHttpConnection : INFO: Response Status 	: 200
[30-07-2021 10:08:24] PayPal\Core\PayPalHttpConnection : INFO: POST https://api.sandbox.paypal.com/v1/payments/payment/PAYID-MEB46YY7V180658R6578490D/execute
[30-07-2021 10:08:27] PayPal\Core\PayPalHttpConnection : INFO: Response Status 	: 200
[02-08-2021 05:36:03] PayPal\Core\PayPalHttpConnection : INFO: POST https://api.sandbox.paypal.com/v1/oauth2/token
[02-08-2021 05:36:05] PayPal\Core\PayPalHttpConnection : INFO: Response Status 	: 200
[02-08-2021 05:36:05] PayPal\Core\PayPalHttpConnection : INFO: POST https://api.sandbox.paypal.com/v1/payments/payment
[02-08-2021 05:36:06] PayPal\Core\PayPalHttpConnection : INFO: Response Status 	: 201
[02-08-2021 05:37:02] PayPal\Core\PayPalHttpConnection : INFO: POST https://api.sandbox.paypal.com/v1/oauth2/token
[02-08-2021 05:37:03] PayPal\Core\PayPalHttpConnection : INFO: Response Status 	: 200
[02-08-2021 05:37:03] PayPal\Core\PayPalHttpConnection : INFO: POST https://api.sandbox.paypal.com/v1/payments/payment
[02-08-2021 05:37:04] PayPal\Core\PayPalHttpConnection : INFO: Response Status 	: 201
[02-08-2021 05:37:43] PayPal\Core\PayPalHttpConnection : INFO: POST https://api.sandbox.paypal.com/v1/oauth2/token
[02-08-2021 05:37:44] PayPal\Core\PayPalHttpConnection : INFO: Response Status 	: 200
[02-08-2021 05:37:44] PayPal\Core\PayPalHttpConnection : INFO: GET https://api.sandbox.paypal.com/v1/payments/payment/PAYID-MEDYI7Y9JA95159VJ894401L
[02-08-2021 05:37:45] PayPal\Core\PayPalHttpConnection : INFO: Response Status 	: 200
[02-08-2021 05:37:45] PayPal\Core\PayPalHttpConnection : INFO: POST https://api.sandbox.paypal.com/v1/payments/payment/PAYID-MEDYI7Y9JA95159VJ894401L/execute
[02-08-2021 05:37:47] PayPal\Core\PayPalHttpConnection : INFO: Response Status 	: 200
[02-08-2021 05:39:10] PayPal\Core\PayPalHttpConnection : INFO: POST https://api.sandbox.paypal.com/v1/oauth2/token
[02-08-2021 05:39:10] PayPal\Core\PayPalHttpConnection : INFO: Response Status 	: 200
[02-08-2021 05:39:10] PayPal\Core\PayPalHttpConnection : INFO: POST https://api.sandbox.paypal.com/v1/payments/payment
[02-08-2021 05:39:12] PayPal\Core\PayPalHttpConnection : INFO: Response Status 	: 201
[02-08-2021 05:39:28] PayPal\Core\PayPalHttpConnection : INFO: POST https://api.sandbox.paypal.com/v1/oauth2/token
[02-08-2021 05:39:29] PayPal\Core\PayPalHttpConnection : INFO: Response Status 	: 200
[02-08-2021 05:39:29] PayPal\Core\PayPalHttpConnection : INFO: GET https://api.sandbox.paypal.com/v1/payments/payment/PAYID-MEDYKAA4XN91736PK921123Y
[02-08-2021 05:39:29] PayPal\Core\PayPalHttpConnection : INFO: Response Status 	: 200
[02-08-2021 05:39:29] PayPal\Core\PayPalHttpConnection : INFO: POST https://api.sandbox.paypal.com/v1/payments/payment/PAYID-MEDYKAA4XN91736PK921123Y/execute
[02-08-2021 05:39:31] PayPal\Core\PayPalHttpConnection : INFO: Response Status 	: 200
[02-08-2021 11:55:15] PayPal\Core\PayPalHttpConnection : INFO: POST https://api.sandbox.paypal.com/v1/oauth2/token
[02-08-2021 11:55:17] PayPal\Core\PayPalHttpConnection : INFO: Response Status 	: 200
[02-08-2021 11:55:17] PayPal\Core\PayPalHttpConnection : INFO: POST https://api.sandbox.paypal.com/v1/payments/payment
[02-08-2021 11:55:18] PayPal\Core\PayPalHttpConnection : INFO: Response Status 	: 400
[02-08-2021 11:55:18] PayPal\Core\PayPalHttpConnection : ERROR: Got Http response code 400 when accessing https://api.sandbox.paypal.com/v1/payments/payment. {"name":"VALIDATION_ERROR","message":"Invalid request - see details","debug_id":"d51eb07c1883e","information_link":"https://developer.paypal.com/docs/api/payments/#errors","details":[{"field":"/transactions/0/amount","location":"body","issue":"Cannot construct instance of `com.paypal.platform.payments.model.rest.common.Amount`, problem: INVALID_CURRENCY_AMOUNT_FORMAT"}]}
[02-08-2021 11:59:58] PayPal\Core\PayPalHttpConnection : INFO: POST https://api.sandbox.paypal.com/v1/oauth2/token
[02-08-2021 11:59:59] PayPal\Core\PayPalHttpConnection : INFO: Response Status 	: 200
[02-08-2021 11:59:59] PayPal\Core\PayPalHttpConnection : INFO: POST https://api.sandbox.paypal.com/v1/payments/payment
[02-08-2021 12:00:00] PayPal\Core\PayPalHttpConnection : INFO: Response Status 	: 201
[02-08-2021 12:00:56] PayPal\Core\PayPalHttpConnection : INFO: POST https://api.sandbox.paypal.com/v1/oauth2/token
[02-08-2021 12:00:58] PayPal\Core\PayPalHttpConnection : INFO: Response Status 	: 200
[02-08-2021 12:00:58] PayPal\Core\PayPalHttpConnection : INFO: POST https://api.sandbox.paypal.com/v1/payments/payment
[02-08-2021 12:00:59] PayPal\Core\PayPalHttpConnection : INFO: Response Status 	: 400
[02-08-2021 12:00:59] PayPal\Core\PayPalHttpConnection : ERROR: Got Http response code 400 when accessing https://api.sandbox.paypal.com/v1/payments/payment. {"name":"VALIDATION_ERROR","message":"Invalid request - see details","debug_id":"f1d50770f9a76","information_link":"https://developer.paypal.com/docs/api/payments/#errors","details":[{"field":"/transactions/0/amount","location":"body","issue":"Cannot construct instance of `com.paypal.platform.payments.model.rest.common.Amount`, problem: INVALID_CURRENCY_AMOUNT_FORMAT"}]}
[02-08-2021 12:16:41] PayPal\Core\PayPalHttpConnection : INFO: POST https://api.sandbox.paypal.com/v1/oauth2/token
[02-08-2021 12:16:42] PayPal\Core\PayPalHttpConnection : INFO: Response Status 	: 200
[02-08-2021 12:16:42] PayPal\Core\PayPalHttpConnection : INFO: POST https://api.sandbox.paypal.com/v1/payments/payment
[02-08-2021 12:16:43] PayPal\Core\PayPalHttpConnection : INFO: Response Status 	: 400
[02-08-2021 12:16:44] PayPal\Core\PayPalHttpConnection : ERROR: Got Http response code 400 when accessing https://api.sandbox.paypal.com/v1/payments/payment. {"name":"VALIDATION_ERROR","message":"Invalid request - see details","debug_id":"8e1bd36738a7d","information_link":"https://developer.paypal.com/docs/api/payments/#errors","details":[{"field":"/transactions/0/amount","location":"body","issue":"Cannot construct instance of `com.paypal.platform.payments.model.rest.common.Amount`, problem: INVALID_CURRENCY_AMOUNT_FORMAT"}]}
[02-08-2021 12:19:48] PayPal\Core\PayPalHttpConnection : INFO: POST https://api.sandbox.paypal.com/v1/oauth2/token
[02-08-2021 12:19:49] PayPal\Core\PayPalHttpConnection : INFO: Response Status 	: 200
[02-08-2021 12:19:49] PayPal\Core\PayPalHttpConnection : INFO: POST https://api.sandbox.paypal.com/v1/payments/payment
[02-08-2021 12:19:50] PayPal\Core\PayPalHttpConnection : INFO: Response Status 	: 201
[02-08-2021 12:20:39] PayPal\Core\PayPalHttpConnection : INFO: POST https://api.sandbox.paypal.com/v1/oauth2/token
[02-08-2021 12:20:40] PayPal\Core\PayPalHttpConnection : INFO: Response Status 	: 200
[02-08-2021 12:20:40] PayPal\Core\PayPalHttpConnection : INFO: GET https://api.sandbox.paypal.com/v1/payments/payment/PAYID-MED6FZQ2PR76282NU164504T
[02-08-2021 12:20:41] PayPal\Core\PayPalHttpConnection : INFO: Response Status 	: 200
[02-08-2021 12:20:41] PayPal\Core\PayPalHttpConnection : INFO: POST https://api.sandbox.paypal.com/v1/payments/payment/PAYID-MED6FZQ2PR76282NU164504T/execute
[02-08-2021 12:20:43] PayPal\Core\PayPalHttpConnection : INFO: Response Status 	: 200
[05-08-2021 06:08:13] PayPal\Core\PayPalHttpConnection : INFO: POST https://api.sandbox.paypal.com/v1/oauth2/token
[05-08-2021 06:08:15] PayPal\Core\PayPalHttpConnection : INFO: Response Status 	: 200
[05-08-2021 06:08:15] PayPal\Core\PayPalHttpConnection : INFO: POST https://api.sandbox.paypal.com/v1/payments/payment
[05-08-2021 06:08:16] PayPal\Core\PayPalHttpConnection : INFO: Response Status 	: 201
[05-08-2021 06:08:56] PayPal\Core\PayPalHttpConnection : INFO: POST https://api.sandbox.paypal.com/v1/oauth2/token
[05-08-2021 06:08:57] PayPal\Core\PayPalHttpConnection : INFO: Response Status 	: 200
[05-08-2021 06:08:57] PayPal\Core\PayPalHttpConnection : INFO: GET https://api.sandbox.paypal.com/v1/payments/payment/PAYID-MEFYAUA8MB993231B514613S
[05-08-2021 06:08:59] PayPal\Core\PayPalHttpConnection : INFO: Response Status 	: 200
[05-08-2021 06:08:59] PayPal\Core\PayPalHttpConnection : INFO: POST https://api.sandbox.paypal.com/v1/payments/payment/PAYID-MEFYAUA8MB993231B514613S/execute
[05-08-2021 06:09:01] PayPal\Core\PayPalHttpConnection : INFO: Response Status 	: 200
[07-08-2021 05:44:50] PayPal\Core\PayPalHttpConnection : INFO: POST https://api.sandbox.paypal.com/v1/oauth2/token
[07-08-2021 05:44:52] PayPal\Core\PayPalHttpConnection : INFO: Response Status 	: 200
[07-08-2021 05:44:52] PayPal\Core\PayPalHttpConnection : INFO: POST https://api.sandbox.paypal.com/v1/payments/payment
[07-08-2021 05:44:53] PayPal\Core\PayPalHttpConnection : INFO: Response Status 	: 201
[07-08-2021 05:45:20] PayPal\Core\PayPalHttpConnection : INFO: POST https://api.sandbox.paypal.com/v1/oauth2/token
[07-08-2021 05:45:20] PayPal\Core\PayPalHttpConnection : INFO: Response Status 	: 200
[07-08-2021 05:45:20] PayPal\Core\PayPalHttpConnection : INFO: GET https://api.sandbox.paypal.com/v1/payments/payment/PAYID-MEHB3VI6JD541060R958323F
[07-08-2021 05:45:21] PayPal\Core\PayPalHttpConnection : INFO: Response Status 	: 200
[07-08-2021 05:45:21] PayPal\Core\PayPalHttpConnection : INFO: POST https://api.sandbox.paypal.com/v1/payments/payment/PAYID-MEHB3VI6JD541060R958323F/execute
[07-08-2021 05:45:23] PayPal\Core\PayPalHttpConnection : INFO: Response Status 	: 200
[23-08-2021 08:13:48] PayPal\Core\PayPalHttpConnection : INFO: POST https://api.sandbox.paypal.com/v1/oauth2/token
[23-08-2021 08:13:50] PayPal\Core\PayPalHttpConnection : INFO: Response Status 	: 200
[23-08-2021 08:13:50] PayPal\Core\PayPalHttpConnection : INFO: POST https://api.sandbox.paypal.com/v1/payments/payment
[23-08-2021 08:13:51] PayPal\Core\PayPalHttpConnection : INFO: Response Status 	: 201
[08-09-2021 08:14:03] PayPal\Core\PayPalHttpConnection : INFO: POST https://api.sandbox.paypal.com/v1/oauth2/token
[08-09-2021 08:14:05] PayPal\Core\PayPalHttpConnection : INFO: Response Status 	: 200
[08-09-2021 08:14:05] PayPal\Core\PayPalHttpConnection : INFO: POST https://api.sandbox.paypal.com/v1/payments/payment
[08-09-2021 08:14:06] PayPal\Core\PayPalHttpConnection : INFO: Response Status 	: 201
[08-09-2021 08:14:42] PayPal\Core\PayPalHttpConnection : INFO: POST https://api.sandbox.paypal.com/v1/oauth2/token
[08-09-2021 08:14:43] PayPal\Core\PayPalHttpConnection : INFO: Response Status 	: 200
[08-09-2021 08:14:43] PayPal\Core\PayPalHttpConnection : INFO: GET https://api.sandbox.paypal.com/v1/payments/payment/PAYID-ME4HBTI7D048520Y89905036
[08-09-2021 08:14:44] PayPal\Core\PayPalHttpConnection : INFO: Response Status 	: 200
[08-09-2021 08:14:44] PayPal\Core\PayPalHttpConnection : INFO: POST https://api.sandbox.paypal.com/v1/payments/payment/PAYID-ME4HBTI7D048520Y89905036/execute
[08-09-2021 08:14:46] PayPal\Core\PayPalHttpConnection : INFO: Response Status 	: 200
[08-09-2021 09:31:47] PayPal\Core\PayPalHttpConnection : INFO: POST https://api.sandbox.paypal.com/v1/oauth2/token
[08-09-2021 09:31:48] PayPal\Core\PayPalHttpConnection : INFO: Response Status 	: 200
[08-09-2021 09:31:48] PayPal\Core\PayPalHttpConnection : INFO: POST https://api.sandbox.paypal.com/v1/payments/payment
[08-09-2021 09:31:49] PayPal\Core\PayPalHttpConnection : INFO: Response Status 	: 201
[08-09-2021 09:32:18] PayPal\Core\PayPalHttpConnection : INFO: POST https://api.sandbox.paypal.com/v1/oauth2/token
[08-09-2021 09:32:19] PayPal\Core\PayPalHttpConnection : INFO: Response Status 	: 200
[08-09-2021 09:32:19] PayPal\Core\PayPalHttpConnection : INFO: GET https://api.sandbox.paypal.com/v1/payments/payment/PAYID-ME4IGBA70B38650TP638930Y
[08-09-2021 09:32:20] PayPal\Core\PayPalHttpConnection : INFO: Response Status 	: 200
[08-09-2021 09:32:20] PayPal\Core\PayPalHttpConnection : INFO: POST https://api.sandbox.paypal.com/v1/payments/payment/PAYID-ME4IGBA70B38650TP638930Y/execute
[08-09-2021 09:32:22] PayPal\Core\PayPalHttpConnection : INFO: Response Status 	: 200
[08-09-2021 09:43:25] PayPal\Core\PayPalHttpConnection : INFO: POST https://api.sandbox.paypal.com/v1/oauth2/token
[08-09-2021 09:43:27] PayPal\Core\PayPalHttpConnection : INFO: Response Status 	: 200
[08-09-2021 09:43:27] PayPal\Core\PayPalHttpConnection : INFO: POST https://api.sandbox.paypal.com/v1/payments/payment
[08-09-2021 09:43:29] PayPal\Core\PayPalHttpConnection : INFO: Response Status 	: 201
[08-09-2021 09:50:01] PayPal\Core\PayPalHttpConnection : INFO: POST https://api.sandbox.paypal.com/v1/oauth2/token
[08-09-2021 09:50:01] PayPal\Core\PayPalHttpConnection : INFO: Response Status 	: 200
[08-09-2021 09:50:01] PayPal\Core\PayPalHttpConnection : INFO: GET https://api.sandbox.paypal.com/v1/payments/payment/PAYID-ME4ILQA5VG56846C7872820J
[08-09-2021 09:50:02] PayPal\Core\PayPalHttpConnection : INFO: Response Status 	: 200
[08-09-2021 09:50:02] PayPal\Core\PayPalHttpConnection : INFO: POST https://api.sandbox.paypal.com/v1/payments/payment/PAYID-ME4ILQA5VG56846C7872820J/execute
[08-09-2021 09:50:04] PayPal\Core\PayPalHttpConnection : INFO: Response Status 	: 200
[08-09-2021 09:57:39] PayPal\Core\PayPalHttpConnection : INFO: POST https://api.sandbox.paypal.com/v1/oauth2/token
[08-09-2021 09:57:41] PayPal\Core\PayPalHttpConnection : INFO: Response Status 	: 200
[08-09-2021 09:57:41] PayPal\Core\PayPalHttpConnection : INFO: POST https://api.sandbox.paypal.com/v1/payments/payment
[08-09-2021 09:57:42] PayPal\Core\PayPalHttpConnection : INFO: Response Status 	: 201
[08-09-2021 09:58:11] PayPal\Core\PayPalHttpConnection : INFO: POST https://api.sandbox.paypal.com/v1/oauth2/token
[08-09-2021 09:58:11] PayPal\Core\PayPalHttpConnection : INFO: Response Status 	: 200
[08-09-2021 09:58:11] PayPal\Core\PayPalHttpConnection : INFO: GET https://api.sandbox.paypal.com/v1/payments/payment/PAYID-ME4ISFI14G92040PM1450440
[08-09-2021 09:58:12] PayPal\Core\PayPalHttpConnection : INFO: Response Status 	: 200
[08-09-2021 09:58:12] PayPal\Core\PayPalHttpConnection : INFO: POST https://api.sandbox.paypal.com/v1/payments/payment/PAYID-ME4ISFI14G92040PM1450440/execute
[08-09-2021 09:58:14] PayPal\Core\PayPalHttpConnection : INFO: Response Status 	: 200
[08-09-2021 09:59:41] PayPal\Core\PayPalHttpConnection : INFO: POST https://api.sandbox.paypal.com/v1/oauth2/token
[08-09-2021 09:59:43] PayPal\Core\PayPalHttpConnection : INFO: Response Status 	: 200
[08-09-2021 09:59:43] PayPal\Core\PayPalHttpConnection : INFO: POST https://api.sandbox.paypal.com/v1/payments/payment
[08-09-2021 09:59:45] PayPal\Core\PayPalHttpConnection : INFO: Response Status 	: 201
[08-09-2021 09:59:58] PayPal\Core\PayPalHttpConnection : INFO: POST https://api.sandbox.paypal.com/v1/oauth2/token
[08-09-2021 09:59:59] PayPal\Core\PayPalHttpConnection : INFO: Response Status 	: 200
[08-09-2021 09:59:59] PayPal\Core\PayPalHttpConnection : INFO: GET https://api.sandbox.paypal.com/v1/payments/payment/PAYID-ME4ITEA96R05516KE947384U
[08-09-2021 10:00:00] PayPal\Core\PayPalHttpConnection : INFO: Response Status 	: 200
[08-09-2021 10:00:00] PayPal\Core\PayPalHttpConnection : INFO: POST https://api.sandbox.paypal.com/v1/payments/payment/PAYID-ME4ITEA96R05516KE947384U/execute
[08-09-2021 10:00:02] PayPal\Core\PayPalHttpConnection : INFO: Response Status 	: 200
[08-09-2021 10:03:43] PayPal\Core\PayPalHttpConnection : INFO: POST https://api.sandbox.paypal.com/v1/oauth2/token
[08-09-2021 10:03:44] PayPal\Core\PayPalHttpConnection : INFO: Response Status 	: 200
[08-09-2021 10:03:44] PayPal\Core\PayPalHttpConnection : INFO: POST https://api.sandbox.paypal.com/v1/payments/payment
[08-09-2021 10:03:45] PayPal\Core\PayPalHttpConnection : INFO: Response Status 	: 201
[08-09-2021 10:03:58] PayPal\Core\PayPalHttpConnection : INFO: POST https://api.sandbox.paypal.com/v1/oauth2/token
[08-09-2021 10:03:59] PayPal\Core\PayPalHttpConnection : INFO: Response Status 	: 200
[08-09-2021 10:03:59] PayPal\Core\PayPalHttpConnection : INFO: GET https://api.sandbox.paypal.com/v1/payments/payment/PAYID-ME4IVAI91M58531M4338220A
[08-09-2021 10:03:59] PayPal\Core\PayPalHttpConnection : INFO: Response Status 	: 200
[08-09-2021 10:03:59] PayPal\Core\PayPalHttpConnection : INFO: POST https://api.sandbox.paypal.com/v1/payments/payment/PAYID-ME4IVAI91M58531M4338220A/execute
[08-09-2021 10:04:01] PayPal\Core\PayPalHttpConnection : INFO: Response Status 	: 200
[08-09-2021 10:16:33] PayPal\Core\PayPalHttpConnection : INFO: POST https://api.sandbox.paypal.com/v1/oauth2/token
[08-09-2021 10:16:34] PayPal\Core\PayPalHttpConnection : INFO: Response Status 	: 200
[08-09-2021 10:16:34] PayPal\Core\PayPalHttpConnection : INFO: POST https://api.sandbox.paypal.com/v1/payments/payment
[08-09-2021 10:16:35] PayPal\Core\PayPalHttpConnection : INFO: Response Status 	: 201
[08-09-2021 10:16:50] PayPal\Core\PayPalHttpConnection : INFO: POST https://api.sandbox.paypal.com/v1/oauth2/token
[08-09-2021 10:16:51] PayPal\Core\PayPalHttpConnection : INFO: Response Status 	: 200
[08-09-2021 10:16:51] PayPal\Core\PayPalHttpConnection : INFO: GET https://api.sandbox.paypal.com/v1/payments/payment/PAYID-ME4I3AQ4WW27761RE797133E
[08-09-2021 10:16:51] PayPal\Core\PayPalHttpConnection : INFO: Response Status 	: 200
[08-09-2021 10:16:51] PayPal\Core\PayPalHttpConnection : INFO: POST https://api.sandbox.paypal.com/v1/payments/payment/PAYID-ME4I3AQ4WW27761RE797133E/execute
[08-09-2021 10:16:54] PayPal\Core\PayPalHttpConnection : INFO: Response Status 	: 200
[08-09-2021 10:17:35] PayPal\Core\PayPalHttpConnection : INFO: POST https://api.sandbox.paypal.com/v1/oauth2/token
[08-09-2021 10:17:36] PayPal\Core\PayPalHttpConnection : INFO: Response Status 	: 200
[08-09-2021 10:17:36] PayPal\Core\PayPalHttpConnection : INFO: POST https://api.sandbox.paypal.com/v1/payments/payment
[08-09-2021 10:17:37] PayPal\Core\PayPalHttpConnection : INFO: Response Status 	: 201
[08-09-2021 10:17:49] PayPal\Core\PayPalHttpConnection : INFO: POST https://api.sandbox.paypal.com/v1/oauth2/token
[08-09-2021 10:17:50] PayPal\Core\PayPalHttpConnection : INFO: Response Status 	: 200
[08-09-2021 10:17:50] PayPal\Core\PayPalHttpConnection : INFO: GET https://api.sandbox.paypal.com/v1/payments/payment/PAYID-ME4I3QA7XS7592208300731A
[08-09-2021 10:17:50] PayPal\Core\PayPalHttpConnection : INFO: Response Status 	: 200
[08-09-2021 10:17:50] PayPal\Core\PayPalHttpConnection : INFO: POST https://api.sandbox.paypal.com/v1/payments/payment/PAYID-ME4I3QA7XS7592208300731A/execute
[08-09-2021 10:17:53] PayPal\Core\PayPalHttpConnection : INFO: Response Status 	: 200
[08-09-2021 10:20:50] PayPal\Core\PayPalHttpConnection : INFO: POST https://api.sandbox.paypal.com/v1/oauth2/token
[08-09-2021 10:20:51] PayPal\Core\PayPalHttpConnection : INFO: Response Status 	: 200
[08-09-2021 10:20:51] PayPal\Core\PayPalHttpConnection : INFO: POST https://api.sandbox.paypal.com/v1/payments/payment
[08-09-2021 10:20:52] PayPal\Core\PayPalHttpConnection : INFO: Response Status 	: 201
[08-09-2021 10:21:04] PayPal\Core\PayPalHttpConnection : INFO: POST https://api.sandbox.paypal.com/v1/oauth2/token
[08-09-2021 10:21:05] PayPal\Core\PayPalHttpConnection : INFO: Response Status 	: 200
[08-09-2021 10:21:05] PayPal\Core\PayPalHttpConnection : INFO: GET https://api.sandbox.paypal.com/v1/payments/payment/PAYID-ME4I5AY0U189438JE5983925
[08-09-2021 10:21:06] PayPal\Core\PayPalHttpConnection : INFO: Response Status 	: 200
[08-09-2021 10:21:06] PayPal\Core\PayPalHttpConnection : INFO: POST https://api.sandbox.paypal.com/v1/payments/payment/PAYID-ME4I5AY0U189438JE5983925/execute
[08-09-2021 10:21:08] PayPal\Core\PayPalHttpConnection : INFO: Response Status 	: 200
[08-09-2021 10:25:37] PayPal\Core\PayPalHttpConnection : INFO: POST https://api.sandbox.paypal.com/v1/oauth2/token
[08-09-2021 10:25:40] PayPal\Core\PayPalHttpConnection : INFO: Response Status 	: 200
[08-09-2021 10:25:40] PayPal\Core\PayPalHttpConnection : INFO: POST https://api.sandbox.paypal.com/v1/payments/payment
[08-09-2021 10:25:41] PayPal\Core\PayPalHttpConnection : INFO: Response Status 	: 201
[08-09-2021 10:26:22] PayPal\Core\PayPalHttpConnection : INFO: POST https://api.sandbox.paypal.com/v1/oauth2/token
[08-09-2021 10:26:23] PayPal\Core\PayPalHttpConnection : INFO: Response Status 	: 200
[08-09-2021 10:26:23] PayPal\Core\PayPalHttpConnection : INFO: GET https://api.sandbox.paypal.com/v1/payments/payment/PAYID-ME4I7JA90B66438E8374631Y
[08-09-2021 10:26:23] PayPal\Core\PayPalHttpConnection : INFO: Response Status 	: 200
[08-09-2021 10:26:23] PayPal\Core\PayPalHttpConnection : INFO: POST https://api.sandbox.paypal.com/v1/payments/payment/PAYID-ME4I7JA90B66438E8374631Y/execute
[08-09-2021 10:26:25] PayPal\Core\PayPalHttpConnection : INFO: Response Status 	: 200
[08-09-2021 10:28:27] PayPal\Core\PayPalHttpConnection : INFO: POST https://api.sandbox.paypal.com/v1/oauth2/token
[08-09-2021 10:28:28] PayPal\Core\PayPalHttpConnection : INFO: Response Status 	: 200
[08-09-2021 10:28:28] PayPal\Core\PayPalHttpConnection : INFO: POST https://api.sandbox.paypal.com/v1/payments/payment
[08-09-2021 10:28:29] PayPal\Core\PayPalHttpConnection : INFO: Response Status 	: 201
[08-09-2021 10:29:01] PayPal\Core\PayPalHttpConnection : INFO: POST https://api.sandbox.paypal.com/v1/oauth2/token
[08-09-2021 10:29:03] PayPal\Core\PayPalHttpConnection : INFO: Response Status 	: 200
[08-09-2021 10:29:03] PayPal\Core\PayPalHttpConnection : INFO: GET https://api.sandbox.paypal.com/v1/payments/payment/PAYID-ME4JATA22527718RL1371051
[08-09-2021 10:29:04] PayPal\Core\PayPalHttpConnection : INFO: Response Status 	: 200
[08-09-2021 10:29:04] PayPal\Core\PayPalHttpConnection : INFO: POST https://api.sandbox.paypal.com/v1/payments/payment/PAYID-ME4JATA22527718RL1371051/execute
[08-09-2021 10:29:06] PayPal\Core\PayPalHttpConnection : INFO: Response Status 	: 200
[08-09-2021 10:29:51] PayPal\Core\PayPalHttpConnection : INFO: POST https://api.sandbox.paypal.com/v1/oauth2/token
[08-09-2021 10:29:51] PayPal\Core\PayPalHttpConnection : INFO: Response Status 	: 200
[08-09-2021 10:29:51] PayPal\Core\PayPalHttpConnection : INFO: POST https://api.sandbox.paypal.com/v1/payments/payment
[08-09-2021 10:29:52] PayPal\Core\PayPalHttpConnection : INFO: Response Status 	: 201
[08-09-2021 10:30:19] PayPal\Core\PayPalHttpConnection : INFO: POST https://api.sandbox.paypal.com/v1/oauth2/token
[08-09-2021 10:30:20] PayPal\Core\PayPalHttpConnection : INFO: Response Status 	: 200
[08-09-2021 10:30:20] PayPal\Core\PayPalHttpConnection : INFO: GET https://api.sandbox.paypal.com/v1/payments/payment/PAYID-ME4JBIA2NV76909LD775643P
[08-09-2021 10:30:21] PayPal\Core\PayPalHttpConnection : INFO: Response Status 	: 200
[08-09-2021 10:30:21] PayPal\Core\PayPalHttpConnection : INFO: POST https://api.sandbox.paypal.com/v1/payments/payment/PAYID-ME4JBIA2NV76909LD775643P/execute
[08-09-2021 10:30:23] PayPal\Core\PayPalHttpConnection : INFO: Response Status 	: 200
[08-09-2021 10:33:33] PayPal\Core\PayPalHttpConnection : INFO: POST https://api.sandbox.paypal.com/v1/oauth2/token
[08-09-2021 10:33:34] PayPal\Core\PayPalHttpConnection : INFO: Response Status 	: 200
[08-09-2021 10:33:34] PayPal\Core\PayPalHttpConnection : INFO: POST https://api.sandbox.paypal.com/v1/payments/payment
[08-09-2021 10:33:35] PayPal\Core\PayPalHttpConnection : INFO: Response Status 	: 201
[08-09-2021 10:33:49] PayPal\Core\PayPalHttpConnection : INFO: POST https://api.sandbox.paypal.com/v1/oauth2/token
[08-09-2021 10:33:50] PayPal\Core\PayPalHttpConnection : INFO: Response Status 	: 200
[08-09-2021 10:33:50] PayPal\Core\PayPalHttpConnection : INFO: GET https://api.sandbox.paypal.com/v1/payments/payment/PAYID-ME4JC7Q1TM57041R0052161D
[08-09-2021 10:33:51] PayPal\Core\PayPalHttpConnection : INFO: Response Status 	: 200
[08-09-2021 10:33:51] PayPal\Core\PayPalHttpConnection : INFO: POST https://api.sandbox.paypal.com/v1/payments/payment/PAYID-ME4JC7Q1TM57041R0052161D/execute
[08-09-2021 10:33:53] PayPal\Core\PayPalHttpConnection : INFO: Response Status 	: 200
[08-09-2021 10:44:31] PayPal\Core\PayPalHttpConnection : INFO: POST https://api.sandbox.paypal.com/v1/oauth2/token
[08-09-2021 10:44:32] PayPal\Core\PayPalHttpConnection : INFO: Response Status 	: 200
[08-09-2021 10:44:32] PayPal\Core\PayPalHttpConnection : INFO: POST https://api.sandbox.paypal.com/v1/payments/payment
[08-09-2021 10:44:33] PayPal\Core\PayPalHttpConnection : INFO: Response Status 	: 201
[08-09-2021 10:44:47] PayPal\Core\PayPalHttpConnection : INFO: POST https://api.sandbox.paypal.com/v1/oauth2/token
[08-09-2021 10:44:48] PayPal\Core\PayPalHttpConnection : INFO: Response Status 	: 200
[08-09-2021 10:44:48] PayPal\Core\PayPalHttpConnection : INFO: GET https://api.sandbox.paypal.com/v1/payments/payment/PAYID-ME4JIEA1E290384P2130603P
[08-09-2021 10:44:49] PayPal\Core\PayPalHttpConnection : INFO: Response Status 	: 200
[08-09-2021 10:44:49] PayPal\Core\PayPalHttpConnection : INFO: POST https://api.sandbox.paypal.com/v1/payments/payment/PAYID-ME4JIEA1E290384P2130603P/execute
[08-09-2021 10:44:51] PayPal\Core\PayPalHttpConnection : INFO: Response Status 	: 200
[08-09-2021 10:50:10] PayPal\Core\PayPalHttpConnection : INFO: POST https://api.sandbox.paypal.com/v1/oauth2/token
[08-09-2021 10:50:11] PayPal\Core\PayPalHttpConnection : INFO: Response Status 	: 200
[08-09-2021 10:50:11] PayPal\Core\PayPalHttpConnection : INFO: POST https://api.sandbox.paypal.com/v1/payments/payment
[08-09-2021 10:50:12] PayPal\Core\PayPalHttpConnection : INFO: Response Status 	: 201
[08-09-2021 10:50:44] PayPal\Core\PayPalHttpConnection : INFO: POST https://api.sandbox.paypal.com/v1/oauth2/token
[08-09-2021 10:50:45] PayPal\Core\PayPalHttpConnection : INFO: Response Status 	: 200
[08-09-2021 10:50:45] PayPal\Core\PayPalHttpConnection : INFO: GET https://api.sandbox.paypal.com/v1/payments/payment/PAYID-ME4JKYY3R8648865C020773R
[08-09-2021 10:50:46] PayPal\Core\PayPalHttpConnection : INFO: Response Status 	: 200
[08-09-2021 10:50:46] PayPal\Core\PayPalHttpConnection : INFO: POST https://api.sandbox.paypal.com/v1/payments/payment/PAYID-ME4JKYY3R8648865C020773R/execute
[08-09-2021 10:50:48] PayPal\Core\PayPalHttpConnection : INFO: Response Status 	: 200
[08-09-2021 11:21:32] PayPal\Core\PayPalHttpConnection : INFO: POST https://api.sandbox.paypal.com/v1/oauth2/token
[08-09-2021 11:21:33] PayPal\Core\PayPalHttpConnection : INFO: Response Status 	: 200
[08-09-2021 11:21:33] PayPal\Core\PayPalHttpConnection : INFO: POST https://api.sandbox.paypal.com/v1/payments/payment
[08-09-2021 11:21:34] PayPal\Core\PayPalHttpConnection : INFO: Response Status 	: 201
[08-09-2021 11:22:02] PayPal\Core\PayPalHttpConnection : INFO: POST https://api.sandbox.paypal.com/v1/oauth2/token
[08-09-2021 11:22:04] PayPal\Core\PayPalHttpConnection : INFO: Response Status 	: 200
[08-09-2021 11:22:04] PayPal\Core\PayPalHttpConnection : INFO: GET https://api.sandbox.paypal.com/v1/payments/payment/PAYID-ME4JZPI60W76145RC344083D
[08-09-2021 11:22:06] PayPal\Core\PayPalHttpConnection : INFO: Response Status 	: 200
[08-09-2021 11:22:06] PayPal\Core\PayPalHttpConnection : INFO: POST https://api.sandbox.paypal.com/v1/payments/payment/PAYID-ME4JZPI60W76145RC344083D/execute
[08-09-2021 11:22:08] PayPal\Core\PayPalHttpConnection : INFO: Response Status 	: 200
[08-09-2021 11:22:09] PayPal\Core\PayPalHttpConnection : INFO: GET https://api.sandbox.paypal.com/v1/payments/sale/3LP432835X163583H
[08-09-2021 11:22:10] PayPal\Core\PayPalHttpConnection : INFO: Response Status 	: 200
[08-09-2021 11:23:47] PayPal\Core\PayPalHttpConnection : INFO: POST https://api.sandbox.paypal.com/v1/oauth2/token
[08-09-2021 11:23:47] PayPal\Core\PayPalHttpConnection : INFO: Response Status 	: 200
[08-09-2021 11:23:48] PayPal\Core\PayPalHttpConnection : INFO: POST https://api.sandbox.paypal.com/v1/payments/payment
[08-09-2021 11:23:49] PayPal\Core\PayPalHttpConnection : INFO: Response Status 	: 201
[08-09-2021 11:24:04] PayPal\Core\PayPalHttpConnection : INFO: POST https://api.sandbox.paypal.com/v1/oauth2/token
[08-09-2021 11:24:05] PayPal\Core\PayPalHttpConnection : INFO: Response Status 	: 200
[08-09-2021 11:24:05] PayPal\Core\PayPalHttpConnection : INFO: GET https://api.sandbox.paypal.com/v1/payments/payment/PAYID-ME4J2RA0SS93670E62538055
[08-09-2021 11:24:06] PayPal\Core\PayPalHttpConnection : INFO: Response Status 	: 200
[08-09-2021 11:24:06] PayPal\Core\PayPalHttpConnection : INFO: POST https://api.sandbox.paypal.com/v1/payments/payment/PAYID-ME4J2RA0SS93670E62538055/execute
[08-09-2021 11:24:08] PayPal\Core\PayPalHttpConnection : INFO: Response Status 	: 200
[08-09-2021 11:24:08] PayPal\Core\PayPalHttpConnection : INFO: GET https://api.sandbox.paypal.com/v1/payments/sale/73H44154KP6256350
[08-09-2021 11:24:09] PayPal\Core\PayPalHttpConnection : INFO: Response Status 	: 200
[08-09-2021 11:25:48] PayPal\Core\PayPalHttpConnection : INFO: POST https://api.sandbox.paypal.com/v1/oauth2/token
[08-09-2021 11:25:49] PayPal\Core\PayPalHttpConnection : INFO: Response Status 	: 200
[08-09-2021 11:25:49] PayPal\Core\PayPalHttpConnection : INFO: POST https://api.sandbox.paypal.com/v1/payments/payment
[08-09-2021 11:25:50] PayPal\Core\PayPalHttpConnection : INFO: Response Status 	: 201
[08-09-2021 11:26:12] PayPal\Core\PayPalHttpConnection : INFO: POST https://api.sandbox.paypal.com/v1/oauth2/token
[08-09-2021 11:26:13] PayPal\Core\PayPalHttpConnection : INFO: Response Status 	: 200
[08-09-2021 11:26:13] PayPal\Core\PayPalHttpConnection : INFO: GET https://api.sandbox.paypal.com/v1/payments/payment/PAYID-ME4J3PI6BX25206GM602745P
[08-09-2021 11:26:14] PayPal\Core\PayPalHttpConnection : INFO: Response Status 	: 200
[08-09-2021 11:26:14] PayPal\Core\PayPalHttpConnection : INFO: POST https://api.sandbox.paypal.com/v1/payments/payment/PAYID-ME4J3PI6BX25206GM602745P/execute
[08-09-2021 11:26:16] PayPal\Core\PayPalHttpConnection : INFO: Response Status 	: 200
[08-09-2021 11:26:17] PayPal\Core\PayPalHttpConnection : INFO: GET https://api.sandbox.paypal.com/v1/payments/sale/2YD974786A869235W
[08-09-2021 11:26:17] PayPal\Core\PayPalHttpConnection : INFO: Response Status 	: 200
[08-09-2021 11:26:17] PayPal\Core\PayPalHttpConnection : INFO: POST https://api.sandbox.paypal.com/v1/payments/sale/2YD974786A869235W/refund
[08-09-2021 11:26:19] PayPal\Core\PayPalHttpConnection : INFO: Response Status 	: 201
[08-09-2021 11:29:47] PayPal\Core\PayPalHttpConnection : INFO: POST https://api.sandbox.paypal.com/v1/oauth2/token
[08-09-2021 11:29:48] PayPal\Core\PayPalHttpConnection : INFO: Response Status 	: 200
[08-09-2021 11:29:48] PayPal\Core\PayPalHttpConnection : INFO: POST https://api.sandbox.paypal.com/v1/payments/payment
[08-09-2021 11:29:49] PayPal\Core\PayPalHttpConnection : INFO: Response Status 	: 201
[08-09-2021 11:30:10] PayPal\Core\PayPalHttpConnection : INFO: POST https://api.sandbox.paypal.com/v1/oauth2/token
[08-09-2021 11:30:10] PayPal\Core\PayPalHttpConnection : INFO: Response Status 	: 200
[08-09-2021 11:30:10] PayPal\Core\PayPalHttpConnection : INFO: GET https://api.sandbox.paypal.com/v1/payments/payment/PAYID-ME4J5LI8M852933YS7068128
[08-09-2021 11:30:11] PayPal\Core\PayPalHttpConnection : INFO: Response Status 	: 200
[08-09-2021 11:30:11] PayPal\Core\PayPalHttpConnection : INFO: POST https://api.sandbox.paypal.com/v1/payments/payment/PAYID-ME4J5LI8M852933YS7068128/execute
[08-09-2021 11:30:13] PayPal\Core\PayPalHttpConnection : INFO: Response Status 	: 200
[08-09-2021 11:30:13] PayPal\Core\PayPalHttpConnection : INFO: GET https://api.sandbox.paypal.com/v1/payments/sale/2VE8131476552484P
[08-09-2021 11:30:14] PayPal\Core\PayPalHttpConnection : INFO: Response Status 	: 200
[08-09-2021 11:30:14] PayPal\Core\PayPalHttpConnection : INFO: POST https://api.sandbox.paypal.com/v1/payments/sale/2VE8131476552484P/refund
[08-09-2021 11:30:16] PayPal\Core\PayPalHttpConnection : INFO: Response Status 	: 201
[09-10-2021 12:17:15] PayPal\Core\PayPalHttpConnection : INFO: POST https://api.sandbox.paypal.com/v1/oauth2/token
[09-10-2021 12:17:18] PayPal\Core\PayPalHttpConnection : INFO: Response Status 	: 200
[09-10-2021 12:17:18] PayPal\Core\PayPalHttpConnection : INFO: POST https://api.sandbox.paypal.com/v1/payments/payment
[09-10-2021 12:17:19] PayPal\Core\PayPalHttpConnection : INFO: Response Status 	: 201
[11-10-2021 07:11:41] PayPal\Core\PayPalHttpConnection : INFO: POST https://api.sandbox.paypal.com/v1/oauth2/token
[11-10-2021 07:11:43] PayPal\Core\PayPalHttpConnection : INFO: Response Status 	: 200
[11-10-2021 07:11:43] PayPal\Core\PayPalHttpConnection : INFO: POST https://api.sandbox.paypal.com/v1/payments/payment
[11-10-2021 07:11:44] PayPal\Core\PayPalHttpConnection : INFO: Response Status 	: 201
[11-10-2021 07:13:39] PayPal\Core\PayPalHttpConnection : INFO: POST https://api.sandbox.paypal.com/v1/oauth2/token
[11-10-2021 07:13:40] PayPal\Core\PayPalHttpConnection : INFO: Response Status 	: 200
[11-10-2021 07:13:40] PayPal\Core\PayPalHttpConnection : INFO: GET https://api.sandbox.paypal.com/v1/payments/payment/PAYID-MFR6HMA8RV63745XH868403T
[11-10-2021 07:13:40] PayPal\Core\PayPalHttpConnection : INFO: Response Status 	: 200
[11-10-2021 07:13:41] PayPal\Core\PayPalHttpConnection : INFO: POST https://api.sandbox.paypal.com/v1/payments/payment/PAYID-MFR6HMA8RV63745XH868403T/execute
[11-10-2021 07:13:43] PayPal\Core\PayPalHttpConnection : INFO: Response Status 	: 200
[11-10-2021 07:36:34] PayPal\Core\PayPalHttpConnection : INFO: POST https://api.sandbox.paypal.com/v1/oauth2/token
[11-10-2021 07:36:35] PayPal\Core\PayPalHttpConnection : INFO: Response Status 	: 200
[11-10-2021 07:36:35] PayPal\Core\PayPalHttpConnection : INFO: POST https://api.sandbox.paypal.com/v1/payments/payment
[11-10-2021 07:36:36] PayPal\Core\PayPalHttpConnection : INFO: Response Status 	: 201
[11-10-2021 07:37:45] PayPal\Core\PayPalHttpConnection : INFO: POST https://api.sandbox.paypal.com/v1/oauth2/token
[11-10-2021 07:37:46] PayPal\Core\PayPalHttpConnection : INFO: Response Status 	: 200
[11-10-2021 07:37:46] PayPal\Core\PayPalHttpConnection : INFO: GET https://api.sandbox.paypal.com/v1/payments/payment/PAYID-MFR6TBA7VL59028KB999823R
[11-10-2021 07:37:48] PayPal\Core\PayPalHttpConnection : INFO: Response Status 	: 200
[11-10-2021 07:37:48] PayPal\Core\PayPalHttpConnection : INFO: POST https://api.sandbox.paypal.com/v1/payments/payment/PAYID-MFR6TBA7VL59028KB999823R/execute
[11-10-2021 07:37:50] PayPal\Core\PayPalHttpConnection : INFO: Response Status 	: 200
[11-10-2021 08:30:09] PayPal\Core\PayPalHttpConnection : INFO: POST https://api.sandbox.paypal.com/v1/oauth2/token
[11-10-2021 08:30:10] PayPal\Core\PayPalHttpConnection : INFO: Response Status 	: 200
[11-10-2021 08:30:10] PayPal\Core\PayPalHttpConnection : INFO: POST https://api.sandbox.paypal.com/v1/payments/payment
[11-10-2021 08:30:11] PayPal\Core\PayPalHttpConnection : INFO: Response Status 	: 201
[11-10-2021 08:31:27] PayPal\Core\PayPalHttpConnection : INFO: POST https://api.sandbox.paypal.com/v1/oauth2/token
[11-10-2021 08:31:28] PayPal\Core\PayPalHttpConnection : INFO: Response Status 	: 200
[11-10-2021 08:31:28] PayPal\Core\PayPalHttpConnection : INFO: GET https://api.sandbox.paypal.com/v1/payments/payment/PAYID-MFR7MEY92L907364E196162M
[11-10-2021 08:31:29] PayPal\Core\PayPalHttpConnection : INFO: Response Status 	: 200
[11-10-2021 08:31:29] PayPal\Core\PayPalHttpConnection : INFO: POST https://api.sandbox.paypal.com/v1/payments/payment/PAYID-MFR7MEY92L907364E196162M/execute
[11-10-2021 08:31:31] PayPal\Core\PayPalHttpConnection : INFO: Response Status 	: 200
[23-11-2021 07:47:14] PayPal\Core\PayPalHttpConnection : INFO: POST https://api.sandbox.paypal.com/v1/oauth2/token
[23-11-2021 07:47:16] PayPal\Core\PayPalHttpConnection : INFO: Response Status 	: 200
[23-11-2021 07:47:16] PayPal\Core\PayPalHttpConnection : INFO: POST https://api.sandbox.paypal.com/v1/payments/payment
[23-11-2021 07:47:17] PayPal\Core\PayPalHttpConnection : INFO: Response Status 	: 201
[23-11-2021 07:47:48] PayPal\Core\PayPalHttpConnection : INFO: POST https://api.sandbox.paypal.com/v1/oauth2/token
[23-11-2021 07:47:48] PayPal\Core\PayPalHttpConnection : INFO: Response Status 	: 200
[23-11-2021 07:47:48] PayPal\Core\PayPalHttpConnection : INFO: GET https://api.sandbox.paypal.com/v1/payments/payment/PAYID-MGOJZBQ2KP934720D735500R
[23-11-2021 07:47:49] PayPal\Core\PayPalHttpConnection : INFO: Response Status 	: 200
[23-11-2021 07:47:50] PayPal\Core\PayPalHttpConnection : INFO: POST https://api.sandbox.paypal.com/v1/payments/payment/PAYID-MGOJZBQ2KP934720D735500R/execute
[23-11-2021 07:47:51] PayPal\Core\PayPalHttpConnection : INFO: Response Status 	: 200
[23-11-2021 07:51:16] PayPal\Core\PayPalHttpConnection : INFO: POST https://api.sandbox.paypal.com/v1/oauth2/token
[23-11-2021 07:51:17] PayPal\Core\PayPalHttpConnection : INFO: Response Status 	: 200
[23-11-2021 07:51:17] PayPal\Core\PayPalHttpConnection : INFO: POST https://api.sandbox.paypal.com/v1/payments/payment
[23-11-2021 07:51:19] PayPal\Core\PayPalHttpConnection : INFO: Response Status 	: 201
[23-11-2021 07:51:59] PayPal\Core\PayPalHttpConnection : INFO: POST https://api.sandbox.paypal.com/v1/oauth2/token
[23-11-2021 07:51:59] PayPal\Core\PayPalHttpConnection : INFO: Response Status 	: 200
[23-11-2021 07:51:59] PayPal\Core\PayPalHttpConnection : INFO: GET https://api.sandbox.paypal.com/v1/payments/payment/PAYID-MGOJ25Y62V063788H298910U
[23-11-2021 07:52:01] PayPal\Core\PayPalHttpConnection : INFO: Response Status 	: 200
[23-11-2021 07:52:01] PayPal\Core\PayPalHttpConnection : INFO: POST https://api.sandbox.paypal.com/v1/payments/payment/PAYID-MGOJ25Y62V063788H298910U/execute
[23-11-2021 07:52:03] PayPal\Core\PayPalHttpConnection : INFO: Response Status 	: 200
[23-11-2021 08:18:07] PayPal\Core\PayPalHttpConnection : INFO: POST https://api.sandbox.paypal.com/v1/oauth2/token
[23-11-2021 08:18:09] PayPal\Core\PayPalHttpConnection : INFO: Response Status 	: 200
[23-11-2021 08:18:09] PayPal\Core\PayPalHttpConnection : INFO: POST https://api.sandbox.paypal.com/v1/payments/payment
[23-11-2021 08:18:10] PayPal\Core\PayPalHttpConnection : INFO: Response Status 	: 201
[23-11-2021 08:18:13] PayPal\Core\PayPalHttpConnection : INFO: POST https://api.sandbox.paypal.com/v1/oauth2/token
[23-11-2021 08:18:14] PayPal\Core\PayPalHttpConnection : INFO: Response Status 	: 200
[23-11-2021 08:18:14] PayPal\Core\PayPalHttpConnection : INFO: POST https://api.sandbox.paypal.com/v1/payments/payment
[23-11-2021 08:18:15] PayPal\Core\PayPalHttpConnection : INFO: Response Status 	: 201
[23-11-2021 08:18:52] PayPal\Core\PayPalHttpConnection : INFO: POST https://api.sandbox.paypal.com/v1/oauth2/token
[23-11-2021 08:18:52] PayPal\Core\PayPalHttpConnection : INFO: Response Status 	: 200
[23-11-2021 08:18:52] PayPal\Core\PayPalHttpConnection : INFO: GET https://api.sandbox.paypal.com/v1/payments/payment/PAYID-MGOKHRY0Y920660NY0156825
[23-11-2021 08:18:53] PayPal\Core\PayPalHttpConnection : INFO: Response Status 	: 200
[23-11-2021 08:18:53] PayPal\Core\PayPalHttpConnection : INFO: POST https://api.sandbox.paypal.com/v1/payments/payment/PAYID-MGOKHRY0Y920660NY0156825/execute
[23-11-2021 08:18:55] PayPal\Core\PayPalHttpConnection : INFO: Response Status 	: 200
[23-11-2021 08:20:06] PayPal\Core\PayPalHttpConnection : INFO: POST https://api.sandbox.paypal.com/v1/oauth2/token
[23-11-2021 08:20:07] PayPal\Core\PayPalHttpConnection : INFO: Response Status 	: 200
[23-11-2021 08:20:07] PayPal\Core\PayPalHttpConnection : INFO: POST https://api.sandbox.paypal.com/v1/payments/payment
[23-11-2021 08:20:08] PayPal\Core\PayPalHttpConnection : INFO: Response Status 	: 201
[23-11-2021 08:20:18] PayPal\Core\PayPalHttpConnection : INFO: POST https://api.sandbox.paypal.com/v1/oauth2/token
[23-11-2021 08:20:19] PayPal\Core\PayPalHttpConnection : INFO: Response Status 	: 200
[23-11-2021 08:20:19] PayPal\Core\PayPalHttpConnection : INFO: GET https://api.sandbox.paypal.com/v1/payments/payment/PAYID-MGOKIOA5NT38516YT384571L
[23-11-2021 08:20:19] PayPal\Core\PayPalHttpConnection : INFO: Response Status 	: 200
[23-11-2021 08:20:20] PayPal\Core\PayPalHttpConnection : INFO: POST https://api.sandbox.paypal.com/v1/payments/payment/PAYID-MGOKIOA5NT38516YT384571L/execute
[23-11-2021 08:20:22] PayPal\Core\PayPalHttpConnection : INFO: Response Status 	: 200
[23-11-2021 08:23:25] PayPal\Core\PayPalHttpConnection : INFO: POST https://api.sandbox.paypal.com/v1/oauth2/token
[23-11-2021 08:23:26] PayPal\Core\PayPalHttpConnection : INFO: Response Status 	: 200
[23-11-2021 08:23:26] PayPal\Core\PayPalHttpConnection : INFO: POST https://api.sandbox.paypal.com/v1/payments/payment
[23-11-2021 08:23:30] PayPal\Core\PayPalHttpConnection : INFO: Response Status 	: 201
[23-11-2021 08:24:04] PayPal\Core\PayPalHttpConnection : INFO: POST https://api.sandbox.paypal.com/v1/oauth2/token
[23-11-2021 08:24:06] PayPal\Core\PayPalHttpConnection : INFO: Response Status 	: 200
[23-11-2021 08:24:06] PayPal\Core\PayPalHttpConnection : INFO: GET https://api.sandbox.paypal.com/v1/payments/payment/PAYID-MGOKKAQ6F205676PX981690B
[23-11-2021 08:24:06] PayPal\Core\PayPalHttpConnection : INFO: Response Status 	: 200
[23-11-2021 08:24:06] PayPal\Core\PayPalHttpConnection : INFO: POST https://api.sandbox.paypal.com/v1/payments/payment/PAYID-MGOKKAQ6F205676PX981690B/execute
[23-11-2021 08:24:08] PayPal\Core\PayPalHttpConnection : INFO: Response Status 	: 200
[23-11-2021 08:27:21] PayPal\Core\PayPalHttpConnection : INFO: POST https://api.sandbox.paypal.com/v1/oauth2/token
[23-11-2021 08:27:24] PayPal\Core\PayPalHttpConnection : INFO: Response Status 	: 200
[23-11-2021 08:27:25] PayPal\Core\PayPalHttpConnection : INFO: POST https://api.sandbox.paypal.com/v1/payments/payment
[23-11-2021 08:27:33] PayPal\Core\PayPalHttpConnection : INFO: Response Status 	: 201
[23-11-2021 08:27:45] PayPal\Core\PayPalHttpConnection : INFO: POST https://api.sandbox.paypal.com/v1/oauth2/token
[23-11-2021 08:27:46] PayPal\Core\PayPalHttpConnection : INFO: Response Status 	: 200
[23-11-2021 08:27:46] PayPal\Core\PayPalHttpConnection : INFO: GET https://api.sandbox.paypal.com/v1/payments/payment/PAYID-MGOKL5I6XY09965VE6463833
[23-11-2021 08:27:48] PayPal\Core\PayPalHttpConnection : INFO: Response Status 	: 200
[23-11-2021 08:27:48] PayPal\Core\PayPalHttpConnection : INFO: POST https://api.sandbox.paypal.com/v1/payments/payment/PAYID-MGOKL5I6XY09965VE6463833/execute
[23-11-2021 08:27:50] PayPal\Core\PayPalHttpConnection : INFO: Response Status 	: 200
[23-11-2021 08:36:10] PayPal\Core\PayPalHttpConnection : INFO: POST https://api.sandbox.paypal.com/v1/oauth2/token
[23-11-2021 08:36:11] PayPal\Core\PayPalHttpConnection : INFO: Response Status 	: 200
[23-11-2021 08:36:11] PayPal\Core\PayPalHttpConnection : INFO: POST https://api.sandbox.paypal.com/v1/payments/payment
[23-11-2021 08:36:12] PayPal\Core\PayPalHttpConnection : INFO: Response Status 	: 201
[23-11-2021 08:36:22] PayPal\Core\PayPalHttpConnection : INFO: POST https://api.sandbox.paypal.com/v1/oauth2/token
[23-11-2021 08:36:24] PayPal\Core\PayPalHttpConnection : INFO: Response Status 	: 200
[23-11-2021 08:36:24] PayPal\Core\PayPalHttpConnection : INFO: GET https://api.sandbox.paypal.com/v1/payments/payment/PAYID-MGOKP7I2WL43633C36386832
[23-11-2021 08:36:25] PayPal\Core\PayPalHttpConnection : INFO: Response Status 	: 200
[23-11-2021 08:36:25] PayPal\Core\PayPalHttpConnection : INFO: POST https://api.sandbox.paypal.com/v1/payments/payment/PAYID-MGOKP7I2WL43633C36386832/execute
[23-11-2021 08:36:27] PayPal\Core\PayPalHttpConnection : INFO: Response Status 	: 200
[23-11-2021 08:46:05] PayPal\Core\PayPalHttpConnection : INFO: POST https://api.sandbox.paypal.com/v1/oauth2/token
[23-11-2021 08:46:06] PayPal\Core\PayPalHttpConnection : INFO: Response Status 	: 200
[23-11-2021 08:46:06] PayPal\Core\PayPalHttpConnection : INFO: POST https://api.sandbox.paypal.com/v1/payments/payment
[23-11-2021 08:46:07] PayPal\Core\PayPalHttpConnection : INFO: Response Status 	: 201
[23-11-2021 08:46:17] PayPal\Core\PayPalHttpConnection : INFO: POST https://api.sandbox.paypal.com/v1/oauth2/token
[23-11-2021 08:46:18] PayPal\Core\PayPalHttpConnection : INFO: Response Status 	: 200
[23-11-2021 08:46:18] PayPal\Core\PayPalHttpConnection : INFO: GET https://api.sandbox.paypal.com/v1/payments/payment/PAYID-MGOKUUA3B2322985P6560045
[23-11-2021 08:46:19] PayPal\Core\PayPalHttpConnection : INFO: Response Status 	: 200
[23-11-2021 08:46:19] PayPal\Core\PayPalHttpConnection : INFO: POST https://api.sandbox.paypal.com/v1/payments/payment/PAYID-MGOKUUA3B2322985P6560045/execute
[23-11-2021 08:46:21] PayPal\Core\PayPalHttpConnection : INFO: Response Status 	: 200
[23-11-2021 08:48:48] PayPal\Core\PayPalHttpConnection : INFO: POST https://api.sandbox.paypal.com/v1/oauth2/token
[23-11-2021 08:48:49] PayPal\Core\PayPalHttpConnection : INFO: Response Status 	: 200
[23-11-2021 08:48:49] PayPal\Core\PayPalHttpConnection : INFO: POST https://api.sandbox.paypal.com/v1/payments/payment
[23-11-2021 08:48:50] PayPal\Core\PayPalHttpConnection : INFO: Response Status 	: 201
[23-11-2021 08:49:01] PayPal\Core\PayPalHttpConnection : INFO: POST https://api.sandbox.paypal.com/v1/oauth2/token
[23-11-2021 08:49:02] PayPal\Core\PayPalHttpConnection : INFO: Response Status 	: 200
[23-11-2021 08:49:02] PayPal\Core\PayPalHttpConnection : INFO: GET https://api.sandbox.paypal.com/v1/payments/payment/PAYID-MGOKV4Q44258601XT807142B
[23-11-2021 08:49:03] PayPal\Core\PayPalHttpConnection : INFO: Response Status 	: 200
[23-11-2021 08:49:03] PayPal\Core\PayPalHttpConnection : INFO: POST https://api.sandbox.paypal.com/v1/payments/payment/PAYID-MGOKV4Q44258601XT807142B/execute
[23-11-2021 08:49:05] PayPal\Core\PayPalHttpConnection : INFO: Response Status 	: 200
[23-11-2021 08:54:00] PayPal\Core\PayPalHttpConnection : INFO: POST https://api.sandbox.paypal.com/v1/oauth2/token
[23-11-2021 08:54:01] PayPal\Core\PayPalHttpConnection : INFO: Response Status 	: 200
[23-11-2021 08:54:01] PayPal\Core\PayPalHttpConnection : INFO: POST https://api.sandbox.paypal.com/v1/payments/payment
[23-11-2021 08:54:01] PayPal\Core\PayPalHttpConnection : INFO: Response Status 	: 201
[23-11-2021 08:54:12] PayPal\Core\PayPalHttpConnection : INFO: POST https://api.sandbox.paypal.com/v1/oauth2/token
[23-11-2021 08:54:13] PayPal\Core\PayPalHttpConnection : INFO: Response Status 	: 200
[23-11-2021 08:54:13] PayPal\Core\PayPalHttpConnection : INFO: GET https://api.sandbox.paypal.com/v1/payments/payment/PAYID-MGOKYKQ0KR648588J477301T
[23-11-2021 08:54:14] PayPal\Core\PayPalHttpConnection : INFO: Response Status 	: 200
[23-11-2021 08:54:14] PayPal\Core\PayPalHttpConnection : INFO: POST https://api.sandbox.paypal.com/v1/payments/payment/PAYID-MGOKYKQ0KR648588J477301T/execute
[23-11-2021 08:54:16] PayPal\Core\PayPalHttpConnection : INFO: Response Status 	: 200
[23-11-2021 08:55:48] PayPal\Core\PayPalHttpConnection : INFO: POST https://api.sandbox.paypal.com/v1/oauth2/token
[23-11-2021 08:55:49] PayPal\Core\PayPalHttpConnection : INFO: Response Status 	: 200
[23-11-2021 08:55:49] PayPal\Core\PayPalHttpConnection : INFO: POST https://api.sandbox.paypal.com/v1/payments/payment
[23-11-2021 08:55:50] PayPal\Core\PayPalHttpConnection : INFO: Response Status 	: 201
[23-11-2021 08:56:01] PayPal\Core\PayPalHttpConnection : INFO: POST https://api.sandbox.paypal.com/v1/oauth2/token
[23-11-2021 08:56:02] PayPal\Core\PayPalHttpConnection : INFO: Response Status 	: 200
[23-11-2021 08:56:02] PayPal\Core\PayPalHttpConnection : INFO: GET https://api.sandbox.paypal.com/v1/payments/payment/PAYID-MGOKZFY0PY62493K61436623
[23-11-2021 08:56:03] PayPal\Core\PayPalHttpConnection : INFO: Response Status 	: 200
[23-11-2021 08:56:03] PayPal\Core\PayPalHttpConnection : INFO: POST https://api.sandbox.paypal.com/v1/payments/payment/PAYID-MGOKZFY0PY62493K61436623/execute
[23-11-2021 08:56:05] PayPal\Core\PayPalHttpConnection : INFO: Response Status 	: 200
[23-11-2021 09:00:57] PayPal\Core\PayPalHttpConnection : INFO: POST https://api.sandbox.paypal.com/v1/oauth2/token
[23-11-2021 09:00:58] PayPal\Core\PayPalHttpConnection : INFO: Response Status 	: 200
[23-11-2021 09:00:58] PayPal\Core\PayPalHttpConnection : INFO: POST https://api.sandbox.paypal.com/v1/payments/payment
[23-11-2021 09:00:59] PayPal\Core\PayPalHttpConnection : INFO: Response Status 	: 201
[23-11-2021 09:01:09] PayPal\Core\PayPalHttpConnection : INFO: POST https://api.sandbox.paypal.com/v1/oauth2/token
[23-11-2021 09:01:10] PayPal\Core\PayPalHttpConnection : INFO: Response Status 	: 200
[23-11-2021 09:01:10] PayPal\Core\PayPalHttpConnection : INFO: GET https://api.sandbox.paypal.com/v1/payments/payment/PAYID-MGOK3TA9H6051198Y893192W
[23-11-2021 09:01:11] PayPal\Core\PayPalHttpConnection : INFO: Response Status 	: 200
[23-11-2021 09:01:11] PayPal\Core\PayPalHttpConnection : INFO: POST https://api.sandbox.paypal.com/v1/payments/payment/PAYID-MGOK3TA9H6051198Y893192W/execute
[23-11-2021 09:01:13] PayPal\Core\PayPalHttpConnection : INFO: Response Status 	: 200
[23-11-2021 10:05:30] PayPal\Core\PayPalHttpConnection : INFO: POST https://api.sandbox.paypal.com/v1/oauth2/token
[23-11-2021 10:05:35] PayPal\Core\PayPalHttpConnection : INFO: Response Status 	: 200
[23-11-2021 10:05:35] PayPal\Core\PayPalHttpConnection : INFO: POST https://api.sandbox.paypal.com/v1/payments/payment
[23-11-2021 10:05:36] PayPal\Core\PayPalHttpConnection : INFO: Response Status 	: 201
[23-11-2021 10:05:57] PayPal\Core\PayPalHttpConnection : INFO: POST https://api.sandbox.paypal.com/v1/oauth2/token
[23-11-2021 10:05:58] PayPal\Core\PayPalHttpConnection : INFO: Response Status 	: 200
[23-11-2021 10:05:58] PayPal\Core\PayPalHttpConnection : INFO: GET https://api.sandbox.paypal.com/v1/payments/payment/PAYID-MGOLZ4A6VV562755S326422L
[23-11-2021 10:05:59] PayPal\Core\PayPalHttpConnection : INFO: Response Status 	: 200
[23-11-2021 10:05:59] PayPal\Core\PayPalHttpConnection : INFO: POST https://api.sandbox.paypal.com/v1/payments/payment/PAYID-MGOLZ4A6VV562755S326422L/execute
[23-11-2021 10:06:01] PayPal\Core\PayPalHttpConnection : INFO: Response Status 	: 200
[23-11-2021 10:11:05] PayPal\Core\PayPalHttpConnection : INFO: POST https://api.sandbox.paypal.com/v1/oauth2/token
[23-11-2021 10:11:06] PayPal\Core\PayPalHttpConnection : INFO: Response Status 	: 200
[23-11-2021 10:11:06] PayPal\Core\PayPalHttpConnection : INFO: POST https://api.sandbox.paypal.com/v1/payments/payment
[23-11-2021 10:11:06] PayPal\Core\PayPalHttpConnection : INFO: Response Status 	: 201
[23-11-2021 10:11:17] PayPal\Core\PayPalHttpConnection : INFO: POST https://api.sandbox.paypal.com/v1/oauth2/token
[23-11-2021 10:11:17] PayPal\Core\PayPalHttpConnection : INFO: Response Status 	: 200
[23-11-2021 10:11:17] PayPal\Core\PayPalHttpConnection : INFO: GET https://api.sandbox.paypal.com/v1/payments/payment/PAYID-MGOL4OY8XF668212G928490F
[23-11-2021 10:11:18] PayPal\Core\PayPalHttpConnection : INFO: Response Status 	: 200
[23-11-2021 10:11:18] PayPal\Core\PayPalHttpConnection : INFO: POST https://api.sandbox.paypal.com/v1/payments/payment/PAYID-MGOL4OY8XF668212G928490F/execute
[23-11-2021 10:11:20] PayPal\Core\PayPalHttpConnection : INFO: Response Status 	: 200
[23-11-2021 10:13:57] PayPal\Core\PayPalHttpConnection : INFO: POST https://api.sandbox.paypal.com/v1/oauth2/token
[23-11-2021 10:13:58] PayPal\Core\PayPalHttpConnection : INFO: Response Status 	: 200
[23-11-2021 10:13:58] PayPal\Core\PayPalHttpConnection : INFO: POST https://api.sandbox.paypal.com/v1/payments/payment
[23-11-2021 10:13:59] PayPal\Core\PayPalHttpConnection : INFO: Response Status 	: 201
[23-11-2021 10:14:09] PayPal\Core\PayPalHttpConnection : INFO: POST https://api.sandbox.paypal.com/v1/oauth2/token
[23-11-2021 10:14:10] PayPal\Core\PayPalHttpConnection : INFO: Response Status 	: 200
[23-11-2021 10:14:10] PayPal\Core\PayPalHttpConnection : INFO: GET https://api.sandbox.paypal.com/v1/payments/payment/PAYID-MGOL52A6WP48027EF440844V
[23-11-2021 10:14:11] PayPal\Core\PayPalHttpConnection : INFO: Response Status 	: 200
[23-11-2021 10:14:11] PayPal\Core\PayPalHttpConnection : INFO: POST https://api.sandbox.paypal.com/v1/payments/payment/PAYID-MGOL52A6WP48027EF440844V/execute
[23-11-2021 10:14:13] PayPal\Core\PayPalHttpConnection : INFO: Response Status 	: 200
[23-11-2021 10:20:02] PayPal\Core\PayPalHttpConnection : INFO: POST https://api.sandbox.paypal.com/v1/oauth2/token
[23-11-2021 10:20:03] PayPal\Core\PayPalHttpConnection : INFO: Response Status 	: 200
[23-11-2021 10:20:03] PayPal\Core\PayPalHttpConnection : INFO: POST https://api.sandbox.paypal.com/v1/payments/payment
[23-11-2021 10:20:04] PayPal\Core\PayPalHttpConnection : INFO: Response Status 	: 201
[23-11-2021 10:20:15] PayPal\Core\PayPalHttpConnection : INFO: POST https://api.sandbox.paypal.com/v1/oauth2/token
[23-11-2021 10:20:15] PayPal\Core\PayPalHttpConnection : INFO: Response Status 	: 200
[23-11-2021 10:20:15] PayPal\Core\PayPalHttpConnection : INFO: GET https://api.sandbox.paypal.com/v1/payments/payment/PAYID-MGOMAVA60W98859HC9466846
[23-11-2021 10:20:16] PayPal\Core\PayPalHttpConnection : INFO: Response Status 	: 200
[23-11-2021 10:20:16] PayPal\Core\PayPalHttpConnection : INFO: POST https://api.sandbox.paypal.com/v1/payments/payment/PAYID-MGOMAVA60W98859HC9466846/execute
[23-11-2021 10:20:18] PayPal\Core\PayPalHttpConnection : INFO: Response Status 	: 200
[23-11-2021 10:23:49] PayPal\Core\PayPalHttpConnection : INFO: POST https://api.sandbox.paypal.com/v1/oauth2/token
[23-11-2021 10:23:50] PayPal\Core\PayPalHttpConnection : INFO: Response Status 	: 200
[23-11-2021 10:23:50] PayPal\Core\PayPalHttpConnection : INFO: POST https://api.sandbox.paypal.com/v1/payments/payment
[23-11-2021 10:23:52] PayPal\Core\PayPalHttpConnection : INFO: Response Status 	: 201
[23-11-2021 10:24:12] PayPal\Core\PayPalHttpConnection : INFO: POST https://api.sandbox.paypal.com/v1/oauth2/token
[23-11-2021 10:24:13] PayPal\Core\PayPalHttpConnection : INFO: Response Status 	: 200
[23-11-2021 10:24:13] PayPal\Core\PayPalHttpConnection : INFO: GET https://api.sandbox.paypal.com/v1/payments/payment/PAYID-MGOMCOA7JT677679S966783L
[23-11-2021 10:24:14] PayPal\Core\PayPalHttpConnection : INFO: Response Status 	: 200
[23-11-2021 10:24:14] PayPal\Core\PayPalHttpConnection : INFO: POST https://api.sandbox.paypal.com/v1/payments/payment/PAYID-MGOMCOA7JT677679S966783L/execute
[23-11-2021 10:24:16] PayPal\Core\PayPalHttpConnection : INFO: Response Status 	: 200
[23-11-2021 10:25:59] PayPal\Core\PayPalHttpConnection : INFO: POST https://api.sandbox.paypal.com/v1/oauth2/token
[23-11-2021 10:25:59] PayPal\Core\PayPalHttpConnection : INFO: Response Status 	: 200
[23-11-2021 10:25:59] PayPal\Core\PayPalHttpConnection : INFO: POST https://api.sandbox.paypal.com/v1/payments/payment
[23-11-2021 10:26:01] PayPal\Core\PayPalHttpConnection : INFO: Response Status 	: 201
[23-11-2021 10:26:21] PayPal\Core\PayPalHttpConnection : INFO: POST https://api.sandbox.paypal.com/v1/oauth2/token
[23-11-2021 10:26:21] PayPal\Core\PayPalHttpConnection : INFO: Response Status 	: 200
[23-11-2021 10:26:21] PayPal\Core\PayPalHttpConnection : INFO: GET https://api.sandbox.paypal.com/v1/payments/payment/PAYID-MGOMDOI2LS48934HS1982909
[23-11-2021 10:26:22] PayPal\Core\PayPalHttpConnection : INFO: Response Status 	: 200
[23-11-2021 10:26:22] PayPal\Core\PayPalHttpConnection : INFO: POST https://api.sandbox.paypal.com/v1/payments/payment/PAYID-MGOMDOI2LS48934HS1982909/execute
[23-11-2021 10:26:24] PayPal\Core\PayPalHttpConnection : INFO: Response Status 	: 200
[23-11-2021 10:28:31] PayPal\Core\PayPalHttpConnection : INFO: POST https://api.sandbox.paypal.com/v1/oauth2/token
[23-11-2021 10:28:32] PayPal\Core\PayPalHttpConnection : INFO: Response Status 	: 200
[23-11-2021 10:28:32] PayPal\Core\PayPalHttpConnection : INFO: POST https://api.sandbox.paypal.com/v1/payments/payment
[23-11-2021 10:28:33] PayPal\Core\PayPalHttpConnection : INFO: Response Status 	: 201
[23-11-2021 10:28:42] PayPal\Core\PayPalHttpConnection : INFO: POST https://api.sandbox.paypal.com/v1/oauth2/token
[23-11-2021 10:28:43] PayPal\Core\PayPalHttpConnection : INFO: Response Status 	: 200
[23-11-2021 10:28:43] PayPal\Core\PayPalHttpConnection : INFO: GET https://api.sandbox.paypal.com/v1/payments/payment/PAYID-MGOMEUI0YT163112F7263728
[23-11-2021 10:28:44] PayPal\Core\PayPalHttpConnection : INFO: Response Status 	: 200
[23-11-2021 10:28:44] PayPal\Core\PayPalHttpConnection : INFO: POST https://api.sandbox.paypal.com/v1/payments/payment/PAYID-MGOMEUI0YT163112F7263728/execute
[23-11-2021 10:28:46] PayPal\Core\PayPalHttpConnection : INFO: Response Status 	: 200
[23-11-2021 10:32:18] PayPal\Core\PayPalHttpConnection : INFO: POST https://api.sandbox.paypal.com/v1/oauth2/token
[23-11-2021 10:32:19] PayPal\Core\PayPalHttpConnection : INFO: Response Status 	: 200
[23-11-2021 10:32:19] PayPal\Core\PayPalHttpConnection : INFO: POST https://api.sandbox.paypal.com/v1/payments/payment
[23-11-2021 10:32:20] PayPal\Core\PayPalHttpConnection : INFO: Response Status 	: 201
[23-11-2021 10:32:40] PayPal\Core\PayPalHttpConnection : INFO: POST https://api.sandbox.paypal.com/v1/oauth2/token
[23-11-2021 10:32:40] PayPal\Core\PayPalHttpConnection : INFO: Response Status 	: 200
[23-11-2021 10:32:40] PayPal\Core\PayPalHttpConnection : INFO: GET https://api.sandbox.paypal.com/v1/payments/payment/PAYID-MGOMGNI0H608004UM225472M
[23-11-2021 10:32:41] PayPal\Core\PayPalHttpConnection : INFO: Response Status 	: 200
[23-11-2021 10:32:41] PayPal\Core\PayPalHttpConnection : INFO: POST https://api.sandbox.paypal.com/v1/payments/payment/PAYID-MGOMGNI0H608004UM225472M/execute
[23-11-2021 10:32:43] PayPal\Core\PayPalHttpConnection : INFO: Response Status 	: 200
[23-11-2021 10:45:00] PayPal\Core\PayPalHttpConnection : INFO: POST https://api.sandbox.paypal.com/v1/oauth2/token
[23-11-2021 10:45:01] PayPal\Core\PayPalHttpConnection : INFO: Response Status 	: 200
[23-11-2021 10:45:01] PayPal\Core\PayPalHttpConnection : INFO: POST https://api.sandbox.paypal.com/v1/payments/payment
[23-11-2021 10:45:02] PayPal\Core\PayPalHttpConnection : INFO: Response Status 	: 201
[23-11-2021 10:45:27] PayPal\Core\PayPalHttpConnection : INFO: POST https://api.sandbox.paypal.com/v1/oauth2/token
[23-11-2021 10:45:27] PayPal\Core\PayPalHttpConnection : INFO: Response Status 	: 200
[23-11-2021 10:45:27] PayPal\Core\PayPalHttpConnection : INFO: GET https://api.sandbox.paypal.com/v1/payments/payment/PAYID-MGOMMLY8H683297EK5286257
[23-11-2021 10:45:28] PayPal\Core\PayPalHttpConnection : INFO: Response Status 	: 200
[23-11-2021 10:45:29] PayPal\Core\PayPalHttpConnection : INFO: POST https://api.sandbox.paypal.com/v1/payments/payment/PAYID-MGOMMLY8H683297EK5286257/execute
[23-11-2021 10:45:30] PayPal\Core\PayPalHttpConnection : INFO: Response Status 	: 200
[23-11-2021 11:01:32] PayPal\Core\PayPalHttpConnection : INFO: POST https://api.sandbox.paypal.com/v1/oauth2/token
[23-11-2021 11:01:34] PayPal\Core\PayPalHttpConnection : INFO: Response Status 	: 200
[23-11-2021 11:01:34] PayPal\Core\PayPalHttpConnection : INFO: POST https://api.sandbox.paypal.com/v1/payments/payment
[23-11-2021 11:01:35] PayPal\Core\PayPalHttpConnection : INFO: Response Status 	: 201
[23-11-2021 11:05:41] PayPal\Core\PayPalHttpConnection : INFO: POST https://api.sandbox.paypal.com/v1/oauth2/token
[23-11-2021 11:05:42] PayPal\Core\PayPalHttpConnection : INFO: Response Status 	: 200
[23-11-2021 11:05:42] PayPal\Core\PayPalHttpConnection : INFO: POST https://api.sandbox.paypal.com/v1/payments/payment
[23-11-2021 11:05:43] PayPal\Core\PayPalHttpConnection : INFO: Response Status 	: 201
[23-11-2021 11:08:59] PayPal\Core\PayPalHttpConnection : INFO: POST https://api.sandbox.paypal.com/v1/oauth2/token
[23-11-2021 11:09:00] PayPal\Core\PayPalHttpConnection : INFO: Response Status 	: 200
[23-11-2021 11:09:00] PayPal\Core\PayPalHttpConnection : INFO: POST https://api.sandbox.paypal.com/v1/payments/payment
[23-11-2021 11:09:01] PayPal\Core\PayPalHttpConnection : INFO: Response Status 	: 201
[23-11-2021 11:31:31] PayPal\Core\PayPalHttpConnection : INFO: POST https://api.sandbox.paypal.com/v1/oauth2/token
[23-11-2021 11:31:36] PayPal\Core\PayPalHttpConnection : INFO: Response Status 	: 200
[23-11-2021 11:31:36] PayPal\Core\PayPalHttpConnection : INFO: POST https://api.sandbox.paypal.com/v1/payments/payment
[23-11-2021 11:31:37] PayPal\Core\PayPalHttpConnection : INFO: Response Status 	: 201
[23-11-2021 11:45:39] PayPal\Core\PayPalHttpConnection : INFO: POST https://api.sandbox.paypal.com/v1/oauth2/token
[23-11-2021 11:45:44] PayPal\Core\PayPalHttpConnection : INFO: Response Status 	: 200
[23-11-2021 11:45:44] PayPal\Core\PayPalHttpConnection : INFO: GET https://api.sandbox.paypal.com/v1/payments/payment/PAYID-MGONCGI7RX37490VT564551S
[23-11-2021 11:45:51] PayPal\Core\PayPalHttpConnection : INFO: Response Status 	: 200
[23-11-2021 11:45:51] PayPal\Core\PayPalHttpConnection : INFO: POST https://api.sandbox.paypal.com/v1/payments/payment/PAYID-MGONCGI7RX37490VT564551S/execute
[23-11-2021 11:45:59] PayPal\Core\PayPalHttpConnection : INFO: Response Status 	: 200
[23-11-2021 11:49:21] PayPal\Core\PayPalHttpConnection : INFO: POST https://api.sandbox.paypal.com/v1/oauth2/token
[23-11-2021 11:49:25] PayPal\Core\PayPalHttpConnection : INFO: Response Status 	: 200
[23-11-2021 11:49:25] PayPal\Core\PayPalHttpConnection : INFO: POST https://api.sandbox.paypal.com/v1/payments/payment
[23-11-2021 11:49:27] PayPal\Core\PayPalHttpConnection : INFO: Response Status 	: 201
[23-11-2021 11:50:03] PayPal\Core\PayPalHttpConnection : INFO: POST https://api.sandbox.paypal.com/v1/oauth2/token
[23-11-2021 11:50:04] PayPal\Core\PayPalHttpConnection : INFO: Response Status 	: 200
[23-11-2021 11:50:04] PayPal\Core\PayPalHttpConnection : INFO: GET https://api.sandbox.paypal.com/v1/payments/payment/PAYID-MGONKSA8TJ121080T1975325
[23-11-2021 11:50:04] PayPal\Core\PayPalHttpConnection : INFO: Response Status 	: 200
[23-11-2021 11:50:04] PayPal\Core\PayPalHttpConnection : INFO: POST https://api.sandbox.paypal.com/v1/payments/payment/PAYID-MGONKSA8TJ121080T1975325/execute
[23-11-2021 11:50:06] PayPal\Core\PayPalHttpConnection : INFO: Response Status 	: 200
[23-11-2021 11:53:52] PayPal\Core\PayPalHttpConnection : INFO: POST https://api.sandbox.paypal.com/v1/oauth2/token
[23-11-2021 11:53:54] PayPal\Core\PayPalHttpConnection : INFO: Response Status 	: 200
[23-11-2021 11:53:54] PayPal\Core\PayPalHttpConnection : INFO: POST https://api.sandbox.paypal.com/v1/payments/payment
[23-11-2021 11:53:55] PayPal\Core\PayPalHttpConnection : INFO: Response Status 	: 201
[23-11-2021 11:57:55] PayPal\Core\PayPalHttpConnection : INFO: POST https://api.sandbox.paypal.com/v1/oauth2/token
[23-11-2021 11:57:55] PayPal\Core\PayPalHttpConnection : INFO: Response Status 	: 200
[23-11-2021 11:57:55] PayPal\Core\PayPalHttpConnection : INFO: POST https://api.sandbox.paypal.com/v1/payments/payment
[23-11-2021 11:57:57] PayPal\Core\PayPalHttpConnection : INFO: Response Status 	: 201
[23-11-2021 12:07:09] PayPal\Core\PayPalHttpConnection : INFO: POST https://api.sandbox.paypal.com/v1/oauth2/token
[23-11-2021 12:07:10] PayPal\Core\PayPalHttpConnection : INFO: Response Status 	: 200
[23-11-2021 12:07:11] PayPal\Core\PayPalHttpConnection : INFO: POST https://api.sandbox.paypal.com/v1/payments/payment
[23-11-2021 12:07:12] PayPal\Core\PayPalHttpConnection : INFO: Response Status 	: 201
[23-11-2021 12:07:52] PayPal\Core\PayPalHttpConnection : INFO: POST https://api.sandbox.paypal.com/v1/oauth2/token
[23-11-2021 12:07:52] PayPal\Core\PayPalHttpConnection : INFO: Response Status 	: 200
[23-11-2021 12:07:52] PayPal\Core\PayPalHttpConnection : INFO: GET https://api.sandbox.paypal.com/v1/payments/payment/PAYID-MGONS4A0AA769109D055574R
[23-11-2021 12:07:53] PayPal\Core\PayPalHttpConnection : INFO: Response Status 	: 200
[23-11-2021 12:07:53] PayPal\Core\PayPalHttpConnection : INFO: POST https://api.sandbox.paypal.com/v1/payments/payment/PAYID-MGONS4A0AA769109D055574R/execute
[23-11-2021 12:07:55] PayPal\Core\PayPalHttpConnection : INFO: Response Status 	: 200
[24-11-2021 06:40:11] PayPal\Core\PayPalHttpConnection : INFO: POST https://api.sandbox.paypal.com/v1/oauth2/token
[24-11-2021 06:40:15] PayPal\Core\PayPalHttpConnection : INFO: Response Status 	: 200
[24-11-2021 06:40:15] PayPal\Core\PayPalHttpConnection : INFO: POST https://api.sandbox.paypal.com/v1/payments/payment
[24-11-2021 06:40:16] PayPal\Core\PayPalHttpConnection : INFO: Response Status 	: 201
[24-11-2021 06:40:59] PayPal\Core\PayPalHttpConnection : INFO: POST https://api.sandbox.paypal.com/v1/oauth2/token
[24-11-2021 06:41:00] PayPal\Core\PayPalHttpConnection : INFO: Response Status 	: 200
[24-11-2021 06:41:00] PayPal\Core\PayPalHttpConnection : INFO: GET https://api.sandbox.paypal.com/v1/payments/payment/PAYID-MGO54UA4EW50832FH4029435
[24-11-2021 06:41:01] PayPal\Core\PayPalHttpConnection : INFO: Response Status 	: 200
[24-11-2021 06:41:01] PayPal\Core\PayPalHttpConnection : INFO: POST https://api.sandbox.paypal.com/v1/payments/payment/PAYID-MGO54UA4EW50832FH4029435/execute
[24-11-2021 06:41:03] PayPal\Core\PayPalHttpConnection : INFO: Response Status 	: 200
[25-11-2021 07:33:40] PayPal\Core\PayPalHttpConnection : INFO: POST https://api.sandbox.paypal.com/v1/oauth2/token
[25-11-2021 07:33:46] PayPal\Core\PayPalHttpConnection : INFO: Response Status 	: 200
[25-11-2021 07:33:46] PayPal\Core\PayPalHttpConnection : INFO: POST https://api.sandbox.paypal.com/v1/payments/payment
[25-11-2021 07:33:47] PayPal\Core\PayPalHttpConnection : INFO: Response Status 	: 201
[25-11-2021 07:34:34] PayPal\Core\PayPalHttpConnection : INFO: POST https://api.sandbox.paypal.com/v1/oauth2/token
[25-11-2021 07:34:36] PayPal\Core\PayPalHttpConnection : INFO: Response Status 	: 200
[25-11-2021 07:34:36] PayPal\Core\PayPalHttpConnection : INFO: GET https://api.sandbox.paypal.com/v1/payments/payment/PAYID-MGPTYWY7RR009424Y188632U
[25-11-2021 07:34:38] PayPal\Core\PayPalHttpConnection : INFO: Response Status 	: 200
[25-11-2021 07:34:39] PayPal\Core\PayPalHttpConnection : INFO: POST https://api.sandbox.paypal.com/v1/payments/payment/PAYID-MGPTYWY7RR009424Y188632U/execute
[25-11-2021 07:34:42] PayPal\Core\PayPalHttpConnection : INFO: Response Status 	: 200
[25-11-2021 10:12:51] PayPal\Core\PayPalHttpConnection : INFO: POST https://api.sandbox.paypal.com/v1/oauth2/token
[25-11-2021 10:12:57] PayPal\Core\PayPalHttpConnection : INFO: Response Status 	: 200
[25-11-2021 10:12:57] PayPal\Core\PayPalHttpConnection : INFO: POST https://api.sandbox.paypal.com/v1/payments/payment
[25-11-2021 10:12:58] PayPal\Core\PayPalHttpConnection : INFO: Response Status 	: 201
[25-11-2021 10:13:26] PayPal\Core\PayPalHttpConnection : INFO: POST https://api.sandbox.paypal.com/v1/oauth2/token
[25-11-2021 10:13:26] PayPal\Core\PayPalHttpConnection : INFO: Response Status 	: 200
[25-11-2021 10:13:26] PayPal\Core\PayPalHttpConnection : INFO: GET https://api.sandbox.paypal.com/v1/payments/payment/PAYID-MGPWDKQ9479195771323614P
[25-11-2021 10:13:28] PayPal\Core\PayPalHttpConnection : INFO: Response Status 	: 200
[25-11-2021 10:13:28] PayPal\Core\PayPalHttpConnection : INFO: POST https://api.sandbox.paypal.com/v1/payments/payment/PAYID-MGPWDKQ9479195771323614P/execute
[25-11-2021 10:13:30] PayPal\Core\PayPalHttpConnection : INFO: Response Status 	: 200
[25-11-2021 11:20:48] PayPal\Core\PayPalHttpConnection : INFO: POST https://api.sandbox.paypal.com/v1/oauth2/token
[25-11-2021 11:20:49] PayPal\Core\PayPalHttpConnection : INFO: Response Status 	: 200
[25-11-2021 11:20:49] PayPal\Core\PayPalHttpConnection : INFO: POST https://api.sandbox.paypal.com/v1/payments/payment
[25-11-2021 11:20:50] PayPal\Core\PayPalHttpConnection : INFO: Response Status 	: 201
[25-11-2021 11:21:28] PayPal\Core\PayPalHttpConnection : INFO: POST https://api.sandbox.paypal.com/v1/oauth2/token
[25-11-2021 11:21:29] PayPal\Core\PayPalHttpConnection : INFO: Response Status 	: 200
[25-11-2021 11:21:29] PayPal\Core\PayPalHttpConnection : INFO: GET https://api.sandbox.paypal.com/v1/payments/payment/PAYID-MGPXDEQ42L80825CT107831L
[25-11-2021 11:21:30] PayPal\Core\PayPalHttpConnection : INFO: Response Status 	: 200
[25-11-2021 11:21:30] PayPal\Core\PayPalHttpConnection : INFO: POST https://api.sandbox.paypal.com/v1/payments/payment/PAYID-MGPXDEQ42L80825CT107831L/execute
[25-11-2021 11:21:33] PayPal\Core\PayPalHttpConnection : INFO: Response Status 	: 200
[25-11-2021 13:21:21] PayPal\Core\PayPalHttpConnection : INFO: POST https://api.sandbox.paypal.com/v1/oauth2/token
[25-11-2021 13:21:24] PayPal\Core\PayPalHttpConnection : INFO: Response Status 	: 200
[25-11-2021 13:21:24] PayPal\Core\PayPalHttpConnection : INFO: POST https://api.sandbox.paypal.com/v1/payments/payment
[25-11-2021 13:21:25] PayPal\Core\PayPalHttpConnection : INFO: Response Status 	: 201
[25-11-2021 13:21:47] PayPal\Core\PayPalHttpConnection : INFO: POST https://api.sandbox.paypal.com/v1/oauth2/token
[25-11-2021 13:21:48] PayPal\Core\PayPalHttpConnection : INFO: Response Status 	: 200
[25-11-2021 13:21:48] PayPal\Core\PayPalHttpConnection : INFO: GET https://api.sandbox.paypal.com/v1/payments/payment/PAYID-MGPY3VI8PK50498HH7833127
[25-11-2021 13:21:49] PayPal\Core\PayPalHttpConnection : INFO: Response Status 	: 200
[25-11-2021 13:21:49] PayPal\Core\PayPalHttpConnection : INFO: POST https://api.sandbox.paypal.com/v1/payments/payment/PAYID-MGPY3VI8PK50498HH7833127/execute
[25-11-2021 13:21:51] PayPal\Core\PayPalHttpConnection : INFO: Response Status 	: 200
[29-11-2021 13:09:19] PayPal\Core\PayPalHttpConnection : INFO: POST https://api.sandbox.paypal.com/v1/oauth2/token
[29-11-2021 13:09:22] PayPal\Core\PayPalHttpConnection : INFO: Response Status 	: 200
[29-11-2021 13:09:22] PayPal\Core\PayPalHttpConnection : INFO: POST https://api.sandbox.paypal.com/v1/payments/payment
[29-11-2021 13:09:23] PayPal\Core\PayPalHttpConnection : INFO: Response Status 	: 201
[29-11-2021 13:09:47] PayPal\Core\PayPalHttpConnection : INFO: POST https://api.sandbox.paypal.com/v1/oauth2/token
[29-11-2021 13:09:48] PayPal\Core\PayPalHttpConnection : INFO: Response Status 	: 200
[29-11-2021 13:09:48] PayPal\Core\PayPalHttpConnection : INFO: GET https://api.sandbox.paypal.com/v1/payments/payment/PAYID-MGSNCBA0W949262762072156
[29-11-2021 13:09:49] PayPal\Core\PayPalHttpConnection : INFO: Response Status 	: 200
[29-11-2021 13:09:49] PayPal\Core\PayPalHttpConnection : INFO: POST https://api.sandbox.paypal.com/v1/payments/payment/PAYID-MGSNCBA0W949262762072156/execute
[29-11-2021 13:09:51] PayPal\Core\PayPalHttpConnection : INFO: Response Status 	: 200
[29-11-2021 13:13:38] PayPal\Core\PayPalHttpConnection : INFO: POST https://api.sandbox.paypal.com/v1/oauth2/token
[29-11-2021 13:13:39] PayPal\Core\PayPalHttpConnection : INFO: Response Status 	: 200
[29-11-2021 13:13:39] PayPal\Core\PayPalHttpConnection : INFO: POST https://api.sandbox.paypal.com/v1/payments/payment
[29-11-2021 13:13:41] PayPal\Core\PayPalHttpConnection : INFO: Response Status 	: 201
[29-11-2021 13:13:50] PayPal\Core\PayPalHttpConnection : INFO: POST https://api.sandbox.paypal.com/v1/oauth2/token
[29-11-2021 13:13:51] PayPal\Core\PayPalHttpConnection : INFO: Response Status 	: 200
[29-11-2021 13:13:51] PayPal\Core\PayPalHttpConnection : INFO: GET https://api.sandbox.paypal.com/v1/payments/payment/PAYID-MGSNEBI1M374607TL8623825
[29-11-2021 13:13:52] PayPal\Core\PayPalHttpConnection : INFO: Response Status 	: 200
[29-11-2021 13:13:52] PayPal\Core\PayPalHttpConnection : INFO: POST https://api.sandbox.paypal.com/v1/payments/payment/PAYID-MGSNEBI1M374607TL8623825/execute
[29-11-2021 13:13:55] PayPal\Core\PayPalHttpConnection : INFO: Response Status 	: 200
[29-11-2021 13:19:54] PayPal\Core\PayPalHttpConnection : INFO: POST https://api.sandbox.paypal.com/v1/oauth2/token
[29-11-2021 13:19:56] PayPal\Core\PayPalHttpConnection : INFO: Response Status 	: 200
[29-11-2021 13:19:56] PayPal\Core\PayPalHttpConnection : INFO: POST https://api.sandbox.paypal.com/v1/payments/payment
[29-11-2021 13:19:57] PayPal\Core\PayPalHttpConnection : INFO: Response Status 	: 201
[29-11-2021 13:20:07] PayPal\Core\PayPalHttpConnection : INFO: POST https://api.sandbox.paypal.com/v1/oauth2/token
[29-11-2021 13:20:08] PayPal\Core\PayPalHttpConnection : INFO: Response Status 	: 200
[29-11-2021 13:20:08] PayPal\Core\PayPalHttpConnection : INFO: GET https://api.sandbox.paypal.com/v1/payments/payment/PAYID-MGSNG7I6FU67254CV118642E
[29-11-2021 13:20:09] PayPal\Core\PayPalHttpConnection : INFO: Response Status 	: 200
[29-11-2021 13:20:09] PayPal\Core\PayPalHttpConnection : INFO: POST https://api.sandbox.paypal.com/v1/payments/payment/PAYID-MGSNG7I6FU67254CV118642E/execute
[29-11-2021 13:20:11] PayPal\Core\PayPalHttpConnection : INFO: Response Status 	: 200
[29-11-2021 13:25:18] PayPal\Core\PayPalHttpConnection : INFO: POST https://api.sandbox.paypal.com/v1/oauth2/token
[29-11-2021 13:25:19] PayPal\Core\PayPalHttpConnection : INFO: Response Status 	: 200
[29-11-2021 13:25:19] PayPal\Core\PayPalHttpConnection : INFO: POST https://api.sandbox.paypal.com/v1/payments/payment
[29-11-2021 13:25:20] PayPal\Core\PayPalHttpConnection : INFO: Response Status 	: 201
[29-11-2021 13:25:32] PayPal\Core\PayPalHttpConnection : INFO: POST https://api.sandbox.paypal.com/v1/oauth2/token
[29-11-2021 13:25:32] PayPal\Core\PayPalHttpConnection : INFO: Response Status 	: 200
[29-11-2021 13:25:32] PayPal\Core\PayPalHttpConnection : INFO: GET https://api.sandbox.paypal.com/v1/payments/payment/PAYID-MGSNJQI6H1688933F087420E
[29-11-2021 13:25:33] PayPal\Core\PayPalHttpConnection : INFO: Response Status 	: 200
[29-11-2021 13:25:33] PayPal\Core\PayPalHttpConnection : INFO: POST https://api.sandbox.paypal.com/v1/payments/payment/PAYID-MGSNJQI6H1688933F087420E/execute
[29-11-2021 13:25:35] PayPal\Core\PayPalHttpConnection : INFO: Response Status 	: 200
[29-11-2021 13:43:11] PayPal\Core\PayPalHttpConnection : INFO: POST https://api.sandbox.paypal.com/v1/oauth2/token
[29-11-2021 13:43:12] PayPal\Core\PayPalHttpConnection : INFO: Response Status 	: 200
[29-11-2021 13:43:12] PayPal\Core\PayPalHttpConnection : INFO: POST https://api.sandbox.paypal.com/v1/payments/payment
[29-11-2021 13:43:14] PayPal\Core\PayPalHttpConnection : INFO: Response Status 	: 201
[29-11-2021 13:43:38] PayPal\Core\PayPalHttpConnection : INFO: POST https://api.sandbox.paypal.com/v1/oauth2/token
[29-11-2021 13:43:39] PayPal\Core\PayPalHttpConnection : INFO: Response Status 	: 200
[29-11-2021 13:43:39] PayPal\Core\PayPalHttpConnection : INFO: GET https://api.sandbox.paypal.com/v1/payments/payment/PAYID-MGSNR4Q25717520VF274330N
[29-11-2021 13:43:40] PayPal\Core\PayPalHttpConnection : INFO: Response Status 	: 200
[29-11-2021 13:43:40] PayPal\Core\PayPalHttpConnection : INFO: POST https://api.sandbox.paypal.com/v1/payments/payment/PAYID-MGSNR4Q25717520VF274330N/execute
[29-11-2021 13:43:42] PayPal\Core\PayPalHttpConnection : INFO: Response Status 	: 200
[27-12-2021 15:48:59] PayPal\Core\PayPalHttpConnection : INFO: POST https://api.sandbox.paypal.com/v1/oauth2/token
[27-12-2021 15:49:03] PayPal\Core\PayPalHttpConnection : INFO: Response Status 	: 200
[27-12-2021 15:49:03] PayPal\Core\PayPalHttpConnection : INFO: POST https://api.sandbox.paypal.com/v1/payments/payment
[27-12-2021 15:49:04] PayPal\Core\PayPalHttpConnection : INFO: Response Status 	: 201
[29-12-2021 12:28:27] PayPal\Core\PayPalHttpConnection : INFO: POST https://api.sandbox.paypal.com/v1/oauth2/token
[29-12-2021 12:28:41] PayPal\Core\PayPalHttpConnection : INFO: Response Status 	: 200
[29-12-2021 12:28:41] PayPal\Core\PayPalHttpConnection : INFO: POST https://api.sandbox.paypal.com/v1/payments/payment
[29-12-2021 12:29:09] PayPal\Core\PayPalHttpConnection : INFO: POST https://api.sandbox.paypal.com/v1/oauth2/token
[29-12-2021 12:29:53] PayPal\Core\PayPalHttpConnection : INFO: POST https://api.sandbox.paypal.com/v1/oauth2/token
[29-12-2021 12:30:45] PayPal\Core\PayPalHttpConnection : INFO: POST https://api.sandbox.paypal.com/v1/oauth2/token
[29-12-2021 12:30:52] PayPal\Core\PayPalHttpConnection : INFO: Response Status 	: 200
[29-12-2021 12:30:52] PayPal\Core\PayPalHttpConnection : INFO: POST https://api.sandbox.paypal.com/v1/payments/payment
[29-12-2021 12:30:59] PayPal\Core\PayPalHttpConnection : INFO: Response Status 	: 400
[29-12-2021 12:30:59] PayPal\Core\PayPalHttpConnection : ERROR: Got Http response code 400 when accessing https://api.sandbox.paypal.com/v1/payments/payment. {"name":"VALIDATION_ERROR","message":"Invalid request - see details","debug_id":"e087421e4f275","information_link":"https://developer.paypal.com/docs/api/payments/#errors","details":[{"field":"/transactions/0/amount","location":"body","issue":"Cannot construct instance of `com.paypal.platform.payments.model.rest.common.Amount`, problem: INVALID_CURRENCY_AMOUNT_FORMAT"}]}
[29-12-2021 12:33:50] PayPal\Core\PayPalHttpConnection : INFO: POST https://api.sandbox.paypal.com/v1/oauth2/token
[29-12-2021 12:35:14] PayPal\Core\PayPalHttpConnection : INFO: POST https://api.sandbox.paypal.com/v1/oauth2/token
[29-12-2021 12:36:28] PayPal\Core\PayPalHttpConnection : INFO: POST https://api.sandbox.paypal.com/v1/oauth2/token
[29-12-2021 12:36:39] PayPal\Core\PayPalHttpConnection : INFO: Response Status 	: 200
[29-12-2021 12:36:39] PayPal\Core\PayPalHttpConnection : INFO: POST https://api.sandbox.paypal.com/v1/payments/payment
[29-12-2021 14:14:26] PayPal\Core\PayPalHttpConnection : INFO: POST https://api.sandbox.paypal.com/v1/oauth2/token
[29-12-2021 14:14:59] PayPal\Core\PayPalHttpConnection : INFO: POST https://api.sandbox.paypal.com/v1/oauth2/token
[29-12-2021 14:32:39] PayPal\Core\PayPalHttpConnection : INFO: POST https://api.sandbox.paypal.com/v1/oauth2/token
[29-12-2021 14:34:00] PayPal\Core\PayPalHttpConnection : INFO: POST https://api.sandbox.paypal.com/v1/oauth2/token
[29-12-2021 14:40:19] PayPal\Core\PayPalHttpConnection : INFO: POST https://api.sandbox.paypal.com/v1/oauth2/token
[29-12-2021 14:44:41] PayPal\Core\PayPalHttpConnection : INFO: POST https://api.sandbox.paypal.com/v1/oauth2/token
[29-12-2021 14:44:47] PayPal\Core\PayPalHttpConnection : INFO: Response Status 	: 200
[29-12-2021 14:44:47] PayPal\Core\PayPalHttpConnection : INFO: POST https://api.sandbox.paypal.com/v1/payments/payment
[29-12-2021 14:44:59] PayPal\Core\PayPalHttpConnection : INFO: Response Status 	: 400
[29-12-2021 14:44:59] PayPal\Core\PayPalHttpConnection : ERROR: Got Http response code 400 when accessing https://api.sandbox.paypal.com/v1/payments/payment. {"name":"VALIDATION_ERROR","message":"Invalid request - see details","debug_id":"e086beb017c3c","information_link":"https://developer.paypal.com/docs/api/payments/#errors","details":[{"field":"/transactions/0/amount","location":"body","issue":"Cannot construct instance of `com.paypal.platform.payments.model.rest.common.Amount`, problem: INVALID_CURRENCY_AMOUNT_FORMAT"}]}
[29-12-2021 14:45:37] PayPal\Core\PayPalHttpConnection : INFO: POST https://api.sandbox.paypal.com/v1/oauth2/token
[29-12-2021 14:45:46] PayPal\Core\PayPalHttpConnection : INFO: Response Status 	: 200
[29-12-2021 14:45:46] PayPal\Core\PayPalHttpConnection : INFO: POST https://api.sandbox.paypal.com/v1/payments/payment
[29-12-2021 14:45:54] PayPal\Core\PayPalHttpConnection : INFO: Response Status 	: 400
[29-12-2021 14:45:54] PayPal\Core\PayPalHttpConnection : ERROR: Got Http response code 400 when accessing https://api.sandbox.paypal.com/v1/payments/payment. {"name":"VALIDATION_ERROR","message":"Invalid request - see details","debug_id":"3dfad32fc95cd","information_link":"https://developer.paypal.com/docs/api/payments/#errors","details":[{"field":"/transactions/0/amount","location":"body","issue":"Cannot construct instance of `com.paypal.platform.payments.model.rest.common.Amount`, problem: INVALID_CURRENCY_AMOUNT_FORMAT"}]}
[29-12-2021 14:47:28] PayPal\Core\PayPalHttpConnection : INFO: POST https://api.sandbox.paypal.com/v1/oauth2/token
[29-12-2021 14:47:35] PayPal\Core\PayPalHttpConnection : INFO: Response Status 	: 200
[29-12-2021 14:47:35] PayPal\Core\PayPalHttpConnection : INFO: POST https://api.sandbox.paypal.com/v1/payments/payment
[29-12-2021 14:47:58] PayPal\Core\PayPalHttpConnection : INFO: Response Status 	: 400
[29-12-2021 14:47:58] PayPal\Core\PayPalHttpConnection : ERROR: Got Http response code 400 when accessing https://api.sandbox.paypal.com/v1/payments/payment. {"name":"VALIDATION_ERROR","message":"Invalid request - see details","debug_id":"b4826e81f34e6","information_link":"https://developer.paypal.com/docs/api/payments/#errors","details":[{"field":"/transactions/0/amount","location":"body","issue":"Cannot construct instance of `com.paypal.platform.payments.model.rest.common.Amount`, problem: INVALID_CURRENCY_AMOUNT_FORMAT"}]}
[29-12-2021 14:53:59] PayPal\Core\PayPalHttpConnection : INFO: POST https://api.sandbox.paypal.com/v1/oauth2/token
[29-12-2021 14:54:07] PayPal\Core\PayPalHttpConnection : INFO: Response Status 	: 200
[29-12-2021 14:54:07] PayPal\Core\PayPalHttpConnection : INFO: POST https://api.sandbox.paypal.com/v1/payments/payment
[30-12-2021 11:29:20] PayPal\Core\PayPalHttpConnection : INFO: POST https://api.sandbox.paypal.com/v1/oauth2/token
[30-12-2021 11:30:19] PayPal\Core\PayPalHttpConnection : INFO: POST https://api.sandbox.paypal.com/v1/oauth2/token
[30-12-2021 11:30:24] PayPal\Core\PayPalHttpConnection : INFO: Response Status 	: 200
[30-12-2021 11:30:24] PayPal\Core\PayPalHttpConnection : INFO: POST https://api.sandbox.paypal.com/v1/payments/payment
[30-12-2021 11:30:27] PayPal\Core\PayPalHttpConnection : INFO: Response Status 	: 201
[30-12-2021 11:39:10] PayPal\Core\PayPalHttpConnection : INFO: POST https://api.sandbox.paypal.com/v1/oauth2/token
[30-12-2021 11:39:30] PayPal\Core\PayPalHttpConnection : INFO: POST https://api.sandbox.paypal.com/v1/oauth2/token
[30-12-2021 11:40:40] PayPal\Core\PayPalHttpConnection : INFO: POST https://api.sandbox.paypal.com/v1/oauth2/token
[30-12-2021 11:41:40] PayPal\Core\PayPalHttpConnection : INFO: POST https://api.sandbox.paypal.com/v1/oauth2/token
[30-12-2021 11:46:00] PayPal\Core\PayPalHttpConnection : INFO: POST https://api.sandbox.paypal.com/v1/oauth2/token
[30-12-2021 11:49:22] PayPal\Core\PayPalHttpConnection : INFO: POST https://api.sandbox.paypal.com/v1/oauth2/token
[30-12-2021 11:49:44] PayPal\Core\PayPalHttpConnection : INFO: Response Status 	: 200
[30-12-2021 11:49:44] PayPal\Core\PayPalHttpConnection : INFO: POST https://api.sandbox.paypal.com/v1/payments/payment
[30-12-2021 11:50:00] PayPal\Core\PayPalHttpConnection : INFO: POST https://api.sandbox.paypal.com/v1/oauth2/token
[30-12-2021 11:50:51] PayPal\Core\PayPalHttpConnection : INFO: POST https://api.sandbox.paypal.com/v1/oauth2/token
[30-12-2021 11:51:01] PayPal\Core\PayPalHttpConnection : INFO: Response Status 	: 200
[30-12-2021 11:51:01] PayPal\Core\PayPalHttpConnection : INFO: POST https://api.sandbox.paypal.com/v1/payments/payment
[30-12-2021 11:51:43] PayPal\Core\PayPalHttpConnection : INFO: POST https://api.sandbox.paypal.com/v1/oauth2/token
[30-12-2021 11:51:58] PayPal\Core\PayPalHttpConnection : INFO: Response Status 	: 200
[30-12-2021 11:51:58] PayPal\Core\PayPalHttpConnection : INFO: POST https://api.sandbox.paypal.com/v1/payments/payment
[03-01-2022 07:50:33] PayPal\Core\PayPalHttpConnection : INFO: POST https://api.sandbox.paypal.com/v1/oauth2/token
[03-01-2022 07:50:36] PayPal\Core\PayPalHttpConnection : INFO: Response Status 	: 200
[03-01-2022 07:50:36] PayPal\Core\PayPalHttpConnection : INFO: POST https://api.sandbox.paypal.com/v1/payments/payment
[03-01-2022 07:50:38] PayPal\Core\PayPalHttpConnection : INFO: Response Status 	: 201
[03-01-2022 07:51:08] PayPal\Core\PayPalHttpConnection : INFO: POST https://api.sandbox.paypal.com/v1/oauth2/token
[09-02-2022 07:03:58] PayPal\Core\PayPalHttpConnection : INFO: POST https://api.sandbox.paypal.com/v1/oauth2/token
[09-02-2022 07:04:02] PayPal\Core\PayPalHttpConnection : INFO: Response Status 	: 200
[09-02-2022 07:04:02] PayPal\Core\PayPalHttpConnection : INFO: POST https://api.sandbox.paypal.com/v1/payments/payment
[09-02-2022 07:04:04] PayPal\Core\PayPalHttpConnection : INFO: Response Status 	: 201
[09-02-2022 07:14:41] PayPal\Core\PayPalHttpConnection : INFO: POST https://api.sandbox.paypal.com/v1/oauth2/token
[09-02-2022 07:14:43] PayPal\Core\PayPalHttpConnection : INFO: Response Status 	: 200
[09-02-2022 07:14:43] PayPal\Core\PayPalHttpConnection : INFO: POST https://api.sandbox.paypal.com/v1/payments/payment
[09-02-2022 07:14:45] PayPal\Core\PayPalHttpConnection : INFO: Response Status 	: 201
[09-02-2022 07:39:49] PayPal\Core\PayPalHttpConnection : INFO: POST https://api.sandbox.paypal.com/v1/oauth2/token
[09-02-2022 07:39:55] PayPal\Core\PayPalHttpConnection : INFO: Response Status 	: 200
[09-02-2022 07:39:55] PayPal\Core\PayPalHttpConnection : INFO: POST https://api.sandbox.paypal.com/v1/payments/payment
[09-02-2022 07:39:59] PayPal\Core\PayPalHttpConnection : INFO: Response Status 	: 201
